{"/Users/bushman/Desktop/pizza/jwt-pizza/src/icons.tsx":{"path":"/Users/bushman/Desktop/pizza/jwt-pizza/src/icons.tsx","statementMap":{"0":{"start":{"line":3,"column":2},"end":{"line":26,"column":4}},"1":{"start":{"line":29,"column":2},"end":{"line":45,"column":4}},"2":{"start":{"line":48,"column":2},"end":{"line":65,"column":4}},"3":{"start":{"line":68,"column":2},"end":{"line":88,"column":4}},"4":{"start":{"line":91,"column":2},"end":{"line":106,"column":4}},"5":{"start":{"line":109,"column":2},"end":{"line":125,"column":4}},"6":{"start":{"line":128,"column":2},"end":{"line":144,"column":4}},"7":{"start":{"line":147,"column":2},"end":{"line":163,"column":4}},"8":{"start":{"line":166,"column":2},"end":{"line":188,"column":4}},"9":{"start":{"line":191,"column":25},"end":{"line":191,"column":73}},"10":{"start":{"line":192,"column":2},"end":{"line":209,"column":4}},"11":{"start":{"line":212,"column":25},"end":{"line":212,"column":73}},"12":{"start":{"line":213,"column":2},"end":{"line":229,"column":4}},"13":{"start":{"line":232,"column":2},"end":{"line":246,"column":4}}},"fnMap":{"0":{"name":"TrashIcon","decl":{"start":{"line":2,"column":9},"end":{"line":2,"column":18}},"loc":{"start":{"line":2,"column":21},"end":{"line":27,"column":1}},"line":2},"1":{"name":"LocationIcon","decl":{"start":{"line":28,"column":9},"end":{"line":28,"column":21}},"loc":{"start":{"line":28,"column":24},"end":{"line":46,"column":1}},"line":28},"2":{"name":"CautionIcon","decl":{"start":{"line":47,"column":9},"end":{"line":47,"column":20}},"loc":{"start":{"line":47,"column":23},"end":{"line":66,"column":1}},"line":47},"3":{"name":"CloseEyeIcon","decl":{"start":{"line":67,"column":9},"end":{"line":67,"column":21}},"loc":{"start":{"line":67,"column":24},"end":{"line":89,"column":1}},"line":67},"4":{"name":"KeyIcon","decl":{"start":{"line":90,"column":9},"end":{"line":90,"column":16}},"loc":{"start":{"line":90,"column":19},"end":{"line":107,"column":1}},"line":90},"5":{"name":"PersonIcon","decl":{"start":{"line":108,"column":9},"end":{"line":108,"column":19}},"loc":{"start":{"line":108,"column":22},"end":{"line":126,"column":1}},"line":108},"6":{"name":"EmailIcon","decl":{"start":{"line":127,"column":9},"end":{"line":127,"column":18}},"loc":{"start":{"line":127,"column":21},"end":{"line":145,"column":1}},"line":127},"7":{"name":"HouseIcon","decl":{"start":{"line":146,"column":9},"end":{"line":146,"column":18}},"loc":{"start":{"line":146,"column":21},"end":{"line":164,"column":1}},"line":146},"8":{"name":"StoreIcon","decl":{"start":{"line":165,"column":9},"end":{"line":165,"column":18}},"loc":{"start":{"line":165,"column":21},"end":{"line":189,"column":1}},"line":165},"9":{"name":"HamburgerIcon","decl":{"start":{"line":190,"column":9},"end":{"line":190,"column":22}},"loc":{"start":{"line":190,"column":30},"end":{"line":210,"column":1}},"line":190},"10":{"name":"CloseIcon","decl":{"start":{"line":211,"column":9},"end":{"line":211,"column":18}},"loc":{"start":{"line":211,"column":26},"end":{"line":230,"column":1}},"line":211},"11":{"name":"GreaterThanIcon","decl":{"start":{"line":231,"column":9},"end":{"line":231,"column":24}},"loc":{"start":{"line":231,"column":27},"end":{"line":247,"column":1}},"line":231}},"branchMap":{},"s":{"0":0,"1":0,"2":0,"3":0,"4":0,"5":0,"6":0,"7":2,"8":0,"9":2,"10":2,"11":2,"12":2,"13":2},"f":{"0":0,"1":0,"2":0,"3":0,"4":0,"5":0,"6":0,"7":2,"8":0,"9":2,"10":2,"11":2},"b":{},"inputSourceMap":{"version":3,"sources":["/Users/bushman/Desktop/pizza/jwt-pizza/src/icons.tsx"],"mappings":"AAAA,OAAO,WAAW;AAElB,SAAS,YAAY;AACnB,SACE;AAAA,IAAC;AAAA;AAAA,MACC,WAAU;AAAA,MACV,OAAM;AAAA,MACN,OAAM;AAAA,MACN,QAAO;AAAA,MACP,SAAQ;AAAA,MACR,MAAK;AAAA,MACL,QAAO;AAAA,MACP,aAAY;AAAA,MACZ,eAAc;AAAA,MACd,gBAAe;AAAA;AAAA,IACf;AAAA,MAAC;AAAA;AAAA,QACC,eAAc;AAAA,QACd,gBAAe;AAAA,QACf,GAAE;AAAA;AAAA,IACJ;AAAA,IAAG;AAAA,EACL;AAEJ;AAEA,SAAS,eAAe;AACtB,SACE;AAAA,IAAC;AAAA;AAAA,MACC,WAAU;AAAA,MACV,OAAM;AAAA,MACN,OAAM;AAAA,MACN,QAAO;AAAA,MACP,SAAQ;AAAA,MACR,MAAK;AAAA,MACL,QAAO;AAAA,MACP,aAAY;AAAA,MACZ,eAAc;AAAA,MACd,gBAAe;AAAA;AAAA,IACf,oCAAC,UAAK,eAAc,SAAQ,gBAAe,SAAQ,GAAE,yCAAwC;AAAA,IAC7F,oCAAC,UAAK,eAAc,SAAQ,gBAAe,SAAQ,GAAE,kFAAiF;AAAA,EACxI;AAEJ;AAEA,SAAS,cAAc;AACrB,SACE;AAAA,IAAC;AAAA;AAAA,MACC,WAAU;AAAA,MACV,OAAM;AAAA,MACN,OAAM;AAAA,MACN,QAAO;AAAA,MACP,SAAQ;AAAA,MACR,MAAK;AAAA,MACL,QAAO;AAAA,MACP,aAAY;AAAA,MACZ,eAAc;AAAA,MACd,gBAAe;AAAA;AAAA,IACf,oCAAC,UAAK,GAAE,6EAA4E;AAAA,IACpF,oCAAC,UAAK,GAAE,WAAU;AAAA,IAClB,oCAAC,UAAK,GAAE,cAAa;AAAA,EACvB;AAEJ;AAEA,SAAS,eAAe;AACtB,SACE;AAAA,IAAC;AAAA;AAAA,MACC,WAAU;AAAA,MACV,OAAM;AAAA,MACN,OAAM;AAAA,MACN,QAAO;AAAA,MACP,SAAQ;AAAA,MACR,MAAK;AAAA,MACL,QAAO;AAAA,MACP,aAAY;AAAA,MACZ,eAAc;AAAA,MACd,gBAAe;AAAA;AAAA,IACf,oCAAC,UAAK,WAAU,6BAA4B,GAAE,kCAAiC;AAAA,IAC/E,oCAAC,UAAK,WAAU,6BAA4B,GAAE,gFAA+E;AAAA,IAC7H,oCAAC,UAAK,WAAU,6BAA4B,GAAE,0EAAyE;AAAA,IACvH,oCAAC,UAAK,WAAU,6BAA4B,IAAG,KAAI,IAAG,MAAK,IAAG,KAAI,IAAG,MAAK;AAAA,IAC1E,oCAAC,UAAK,WAAU,mCAAkC,GAAE,gDAA+C;AAAA,IACnG,oCAAC,YAAO,WAAU,mCAAkC,IAAG,MAAK,IAAG,MAAK,GAAE,KAAI;AAAA,EAC5E;AAEJ;AAEA,SAAS,UAAU;AACjB,SACE;AAAA,IAAC;AAAA;AAAA,MACC,WAAU;AAAA,MACV,OAAM;AAAA,MACN,OAAM;AAAA,MACN,QAAO;AAAA,MACP,SAAQ;AAAA,MACR,MAAK;AAAA,MACL,QAAO;AAAA,MACP,aAAY;AAAA,MACZ,eAAc;AAAA,MACd,gBAAe;AAAA;AAAA,IACf,oCAAC,UAAK,GAAE,mNAAkN;AAAA,EAC5N;AAEJ;AAEA,SAAS,aAAa;AACpB,SACE;AAAA,IAAC;AAAA;AAAA,MACC,WAAU;AAAA,MACV,OAAM;AAAA,MACN,OAAM;AAAA,MACN,QAAO;AAAA,MACP,SAAQ;AAAA,MACR,MAAK;AAAA,MACL,QAAO;AAAA,MACP,aAAY;AAAA,MACZ,eAAc;AAAA,MACd,gBAAe;AAAA;AAAA,IACf,oCAAC,UAAK,GAAE,6CAA4C;AAAA,IACpD,oCAAC,YAAO,IAAG,MAAK,IAAG,KAAI,GAAE,KAAI;AAAA,EAC/B;AAEJ;AAEA,SAAS,YAAY;AACnB,SACE;AAAA,IAAC;AAAA;AAAA,MACC,WAAU;AAAA,MACV,OAAM;AAAA,MACN,OAAM;AAAA,MACN,QAAO;AAAA,MACP,SAAQ;AAAA,MACR,MAAK;AAAA,MACL,QAAO;AAAA,MACP,aAAY;AAAA,MACZ,eAAc;AAAA,MACd,gBAAe;AAAA;AAAA,IACf,oCAAC,UAAK,OAAM,MAAK,QAAO,MAAK,GAAE,KAAI,GAAE,KAAI,IAAG,KAAI;AAAA,IAChD,oCAAC,UAAK,GAAE,6CAA4C;AAAA,EACtD;AAEJ;AAEA,SAAS,YAAY;AACnB,SACE;AAAA,IAAC;AAAA;AAAA,MACC,WAAU;AAAA,MACV,OAAM;AAAA,MACN,OAAM;AAAA,MACN,QAAO;AAAA,MACP,SAAQ;AAAA,MACR,MAAK;AAAA,MACL,QAAO;AAAA,MACP,aAAY;AAAA,MACZ,eAAc;AAAA,MACd,gBAAe;AAAA;AAAA,IACf,oCAAC,UAAK,GAAE,kDAAiD;AAAA,IACzD,oCAAC,cAAS,QAAO,yBAAwB;AAAA,EAC3C;AAEJ;AAEA,SAAS,YAAY;AACnB,SACE;AAAA,IAAC;AAAA;AAAA,MACC,WAAU;AAAA,MACV,OAAM;AAAA,MACN,OAAM;AAAA,MACN,QAAO;AAAA,MACP,SAAQ;AAAA,MACR,MAAK;AAAA,MACL,QAAO;AAAA,MACP,aAAY;AAAA,MACZ,eAAc;AAAA,MACd,gBAAe;AAAA;AAAA,IACf;AAAA,MAAC;AAAA;AAAA,QACC,eAAc;AAAA,QACd,gBAAe;AAAA,QACf,GAAE;AAAA;AAAA,IACJ;AAAA,EACF;AAEJ;AAMA,SAAS,cAAc,OAA2B;AAChD,QAAM,iBAAiB,+BAA+B,MAAM,SAAS;AAErE,SACE;AAAA,IAAC;AAAA;AAAA,MACC,WAAW;AAAA,MACX,OAAM;AAAA,MACN,OAAM;AAAA,MACN,QAAO;AAAA,MACP,SAAQ;AAAA,MACR,MAAK;AAAA,MACL,QAAO;AAAA,MACP,aAAY;AAAA,MACZ,eAAc;AAAA,MACd,gBAAe;AAAA;AAAA,IACf,oCAAC,UAAK,IAAG,KAAI,IAAG,MAAK,IAAG,KAAI,IAAG,KAAI;AAAA,IACnC,oCAAC,UAAK,IAAG,KAAI,IAAG,MAAK,IAAG,MAAK,IAAG,MAAK;AAAA,IACrC,oCAAC,UAAK,IAAG,KAAI,IAAG,MAAK,IAAG,MAAK,IAAG,MAAK;AAAA,EACvC;AAEJ;AAKA,SAAS,UAAU,OAAuB;AACxC,QAAM,iBAAiB,+BAA+B,MAAM,SAAS;AACrE,SACE;AAAA,IAAC;AAAA;AAAA,MACC,WAAW;AAAA,MACX,OAAM;AAAA,MACN,OAAM;AAAA,MACN,QAAO;AAAA,MACP,SAAQ;AAAA,MACR,MAAK;AAAA,MACL,QAAO;AAAA,MACP,aAAY;AAAA,MACZ,eAAc;AAAA,MACd,gBAAe;AAAA;AAAA,IACf,oCAAC,UAAK,GAAE,cAAa;AAAA,IACrB,oCAAC,UAAK,GAAE,cAAa;AAAA,EACvB;AAEJ;AAEA,SAAS,kBAAkB;AACzB,SACE;AAAA,IAAC;AAAA;AAAA,MACC,WAAU;AAAA,MAEV,OAAM;AAAA,MACN,QAAO;AAAA,MACP,SAAQ;AAAA,MACR,MAAK;AAAA,MACL,QAAO;AAAA,MACP,aAAY;AAAA,MACZ,eAAc;AAAA,MACd,gBAAe;AAAA;AAAA,IACf,oCAAC,UAAK,GAAE,iBAAgB;AAAA,EAC1B;AAEJ;AAEA;AAAA,EACE;AAAA,EACA;AAAA,EACA;AAAA,EACA;AAAA,EACA;AAAA,EACA;AAAA,EACA;AAAA,EACA;AAAA,EACA;AAAA,EACA;AAAA,EACA;AAAA,EACA;AAAA;","names":[]},"_coverageSchema":"1a1c01bbd47fc00a2c39e90264f33305004495a9","hash":"60e000c9d951911dd492b81b323a4db02781465b"},"/Users/bushman/Desktop/pizza/jwt-pizza/src/app/header.tsx":{"path":"/Users/bushman/Desktop/pizza/jwt-pizza/src/app/header.tsx","statementMap":{"0":{"start":{"line":6,"column":4},"end":{"line":6,"column":41}},"1":{"start":{"line":6,"column":36},"end":{"line":6,"column":39}},"2":{"start":{"line":9,"column":18},"end":{"line":9,"column":49}},"3":{"start":{"line":10,"column":4},"end":{"line":10,"column":106}},"4":{"start":{"line":12,"column":2},"end":{"line":23,"column":593}},"5":{"start":{"line":22,"column":4},"end":{"line":22,"column":287}}},"fnMap":{"0":{"name":"Header","decl":{"start":{"line":4,"column":24},"end":{"line":4,"column":30}},"loc":{"start":{"line":4,"column":38},"end":{"line":24,"column":1}},"line":4},"1":{"name":"validateConstraints","decl":{"start":{"line":5,"column":11},"end":{"line":5,"column":30}},"loc":{"start":{"line":5,"column":44},"end":{"line":7,"column":3}},"line":5},"2":{"name":"(anonymous_2)","decl":{"start":{"line":6,"column":29},"end":{"line":6,"column":30}},"loc":{"start":{"line":6,"column":36},"end":{"line":6,"column":39}},"line":6},"3":{"name":"generateUserText","decl":{"start":{"line":8,"column":11},"end":{"line":8,"column":27}},"loc":{"start":{"line":8,"column":34},"end":{"line":11,"column":3}},"line":8},"4":{"name":"(anonymous_4)","decl":{"start":{"line":21,"column":339},"end":{"line":21,"column":340}},"loc":{"start":{"line":21,"column":349},"end":{"line":23,"column":3}},"line":21}},"branchMap":{"0":{"loc":{"start":{"line":9,"column":18},"end":{"line":9,"column":49}},"type":"binary-expr","locations":[{"start":{"line":9,"column":18},"end":{"line":9,"column":40}},{"start":{"line":9,"column":44},"end":{"line":9,"column":49}}],"line":9},"1":{"loc":{"start":{"line":10,"column":11},"end":{"line":10,"column":105}},"type":"cond-expr","locations":[{"start":{"line":10,"column":30},"end":{"line":10,"column":84}},{"start":{"line":10,"column":87},"end":{"line":10,"column":105}}],"line":10},"2":{"loc":{"start":{"line":22,"column":11},"end":{"line":22,"column":286}},"type":"binary-expr","locations":[{"start":{"line":22,"column":11},"end":{"line":22,"column":39}},{"start":{"line":22,"column":44},"end":{"line":22,"column":61}},{"start":{"line":22,"column":65},"end":{"line":22,"column":102}},{"start":{"line":22,"column":123},"end":{"line":22,"column":286}}],"line":22},"3":{"loc":{"start":{"line":23,"column":8},"end":{"line":23,"column":589}},"type":"binary-expr","locations":[{"start":{"line":23,"column":8},"end":{"line":23,"column":18}},{"start":{"line":23,"column":38},"end":{"line":23,"column":589}}],"line":23}},"s":{"0":10,"1":10,"2":0,"3":0,"4":2,"5":36},"f":{"0":2,"1":10,"2":10,"3":0,"4":36},"b":{"0":[0,0],"1":[0,0],"2":[36,12,10,8],"3":[2,0]},"inputSourceMap":{"version":3,"sources":["/Users/bushman/Desktop/pizza/jwt-pizza/src/app/header.tsx"],"mappings":"AAAA,OAAO,WAAW;AAClB,SAAS,eAAe;AACxB,SAAS,eAAe,iBAAiB;AAQzC,wBAAwB,OAAO,OAAc;AAC3C,WAAS,oBAAoB,aAAgC;AAC3D,WAAO,YAAY,MAAM,CAAC,MAAM,EAAE,CAAC;AAAA,EACrC;AAEA,WAAS,iBAAiB,MAAY;AACpC,UAAM,QAAQ,MAAM,MAAM,MAAM,GAAG,KAAK,CAAC,GAAG;AAC5C,WAAO,MAAM,SAAS,IAAI,MAAM,CAAC,EAAE,OAAO,CAAC,IAAI,MAAM,MAAM,SAAS,CAAC,EAAE,OAAO,CAAC,IAAI,MAAM,CAAC,EAAE,OAAO,CAAC;AAAA,EACtG;AAEA,SACE,oCAAC,SAAI,WAAU,eACb,oCAAC,YAAO,WAAU,oFAChB,oCAAC,SAAI,WAAU,gFAA+E,cAAW,YACvG,oCAAC,SAAI,WAAU,uCACb,oCAAC,SAAI,WAAU,YAAW,KAAI,uBAAsB,GACpD,oCAAC,UAAK,WAAU,kHAA+G,WAAS,GACxI,oCAAC,SAAI,WAAU,eACb;AAAA,IAAC;AAAA;AAAA,MACC,MAAK;AAAA,MACL,WAAU;AAAA,MACV,oBAAiB;AAAA;AAAA,IAEjB,oCAAC,iBAAc,WAAU,2BAA0B;AAAA,IACnD,oCAAC,aAAU,WAAU,iCAAgC;AAAA,EACvD,CACF,CACF,GACA,oCAAC,SAAI,IAAG,eAAc,WAAU,6FAC9B,oCAAC,SAAI,WAAU,yFACZ,MAAM,SAAS,IAAI,CAAC,SAAS;AAC5B,WACE,KAAK,QAAQ,SAAS,KAAK,MAC1B,CAAC,KAAK,eAAe,oBAAoB,KAAK,WAAW,MACxD,oCAAC,WAAQ,KAAK,KAAK,OAAO,WAAU,oDAAmD,IAAI,KAAK,GAAG,QAAQ,cAAc,EAAE,KACxH,KAAK,KACR;AAAA,EAGN,CAAC,CACH,CACF,GACC,MAAM,QACL,oCAAC,WAAQ,WAAU,oDAAmD,IAAG,qBACvE,oCAAC,SAAI,WAAU,mDACb,oCAAC,SAAI,WAAU,0DACb,oCAAC,UAAK,WAAU,0HACb,iBAAiB,MAAM,IAAI,CAC9B,CACF,CACF,CACF,CAEJ,CACF,CACF;AAEJ;","names":[]},"_coverageSchema":"1a1c01bbd47fc00a2c39e90264f33305004495a9","hash":"b83e40c91ce93dabf9a0a889fb16c5412f3f2f25"},"/Users/bushman/Desktop/pizza/jwt-pizza/src/app/footer.tsx":{"path":"/Users/bushman/Desktop/pizza/jwt-pizza/src/app/footer.tsx","statementMap":{"0":{"start":{"line":4,"column":32},"end":{"line":4,"column":50}},"1":{"start":{"line":5,"column":2},"end":{"line":7,"column":9}},"2":{"start":{"line":6,"column":4},"end":{"line":6,"column":104}},"3":{"start":{"line":6,"column":46},"end":{"line":6,"column":61}},"4":{"start":{"line":6,"column":78},"end":{"line":6,"column":102}},"5":{"start":{"line":8,"column":2},"end":{"line":18,"column":173}},"6":{"start":{"line":9,"column":14},"end":{"line":17,"column":5}}},"fnMap":{"0":{"name":"Footer","decl":{"start":{"line":3,"column":24},"end":{"line":3,"column":30}},"loc":{"start":{"line":3,"column":38},"end":{"line":19,"column":1}},"line":3},"1":{"name":"(anonymous_1)","decl":{"start":{"line":5,"column":18},"end":{"line":5,"column":19}},"loc":{"start":{"line":5,"column":24},"end":{"line":7,"column":3}},"line":5},"2":{"name":"(anonymous_2)","decl":{"start":{"line":6,"column":32},"end":{"line":6,"column":33}},"loc":{"start":{"line":6,"column":46},"end":{"line":6,"column":61}},"line":6},"3":{"name":"(anonymous_3)","decl":{"start":{"line":6,"column":68},"end":{"line":6,"column":69}},"loc":{"start":{"line":6,"column":78},"end":{"line":6,"column":102}},"line":6},"4":{"name":"(anonymous_4)","decl":{"start":{"line":9,"column":4},"end":{"line":9,"column":5}},"loc":{"start":{"line":9,"column":14},"end":{"line":17,"column":5}},"line":9}},"branchMap":{"0":{"loc":{"start":{"line":9,"column":14},"end":{"line":17,"column":5}},"type":"binary-expr","locations":[{"start":{"line":9,"column":14},"end":{"line":9,"column":45}},{"start":{"line":9,"column":65},"end":{"line":17,"column":5}}],"line":9}},"s":{"0":2,"1":2,"2":0,"3":0,"4":0,"5":2,"6":36},"f":{"0":2,"1":0,"2":0,"3":0,"4":36},"b":{"0":[36,6]},"inputSourceMap":{"version":3,"sources":["/Users/bushman/Desktop/pizza/jwt-pizza/src/app/footer.tsx"],"mappings":"AAAA,OAAO,WAAW;AAClB,SAAS,eAAe;AAMxB,wBAAwB,OAAO,OAAc;AAC3C,QAAM,CAAC,SAAS,UAAU,IAAI,MAAM,SAAS,EAAE;AAE/C,QAAM,UAAU,MAAM;AACpB,UAAM,eAAe,EAClB,KAAK,CAAC,aAAa,SAAS,KAAK,CAAC,EAClC,KAAK,CAAC,SAAS,WAAW,KAAK,OAAO,CAAC;AAAA,EAC5C,GAAG,CAAC,CAAC;AAEL,SACE,oCAAC,YAAO,WAAU,6BAChB,oCAAC,SAAI,WAAU,oDACb,oCAAC,SAAI,WAAU,4CACZ,MAAM,SAAS;AAAA,IACd,CAAC,SACC,KAAK,QAAQ,SAAS,QAAQ,KAC5B;AAAA,MAAC;AAAA;AAAA,QACC,KAAK,KAAK;AAAA,QACV,WAAU;AAAA,QACV,IAAI,KAAK;AAAA;AAAA,MACR,KAAK;AAAA,IACR;AAAA,EAEN,CACF,GACA,oCAAC,OAAE,WAAU,8CAA2C,wDAAqD,OAAQ,CACvH,CACF;AAEJ;","names":[]},"_coverageSchema":"1a1c01bbd47fc00a2c39e90264f33305004495a9","hash":"4d8dd93e8430796b62f1234cec33c208db99ec0c"},"/Users/bushman/Desktop/pizza/jwt-pizza/src/views/view.tsx":{"path":"/Users/bushman/Desktop/pizza/jwt-pizza/src/views/view.tsx","statementMap":{"0":{"start":{"line":3,"column":2},"end":{"line":3,"column":624}}},"fnMap":{"0":{"name":"View","decl":{"start":{"line":2,"column":24},"end":{"line":2,"column":28}},"loc":{"start":{"line":2,"column":36},"end":{"line":4,"column":1}},"line":2}},"branchMap":{},"s":{"0":0},"f":{"0":0},"b":{},"inputSourceMap":{"version":3,"sources":["/Users/bushman/Desktop/pizza/jwt-pizza/src/views/view.tsx"],"mappings":"AAAA,OAAO,WAAW;AAOlB,wBAAwB,KAAK,OAAc;AACzC,SACE,0DACE,oCAAC,SAAI,WAAU,uEACb,oCAAC,aACC,oCAAC,SAAI,WAAU,+CACb,oCAAC,QAAG,WAAU,iDACZ,oCAAC,UAAK,WAAU,mFAAiF,MAAM,KAAM,CAC/G,CACF,GAEC,MAAM,QACT,CACF,CACF;AAEJ;","names":[]},"_coverageSchema":"1a1c01bbd47fc00a2c39e90264f33305004495a9","hash":"674c606fe13b7c05fb40cc665329e73965f0c752"},"/Users/bushman/Desktop/pizza/jwt-pizza/src/components/carousel.tsx":{"path":"/Users/bushman/Desktop/pizza/jwt-pizza/src/components/carousel.tsx","statementMap":{"0":{"start":{"line":3,"column":2},"end":{"line":9,"column":7}},"1":{"start":{"line":3,"column":543},"end":{"line":3,"column":624}},"2":{"start":{"line":3,"column":822},"end":{"line":9,"column":3}}},"fnMap":{"0":{"name":"Carousel","decl":{"start":{"line":2,"column":24},"end":{"line":2,"column":32}},"loc":{"start":{"line":2,"column":40},"end":{"line":10,"column":1}},"line":2},"1":{"name":"(anonymous_1)","decl":{"start":{"line":3,"column":509},"end":{"line":3,"column":510}},"loc":{"start":{"line":3,"column":543},"end":{"line":3,"column":624}},"line":3},"2":{"name":"(anonymous_2)","decl":{"start":{"line":3,"column":792},"end":{"line":3,"column":793}},"loc":{"start":{"line":3,"column":822},"end":{"line":9,"column":3}},"line":3}},"branchMap":{},"s":{"0":0,"1":0,"2":0},"f":{"0":0,"1":0,"2":0},"b":{},"inputSourceMap":{"version":3,"sources":["/Users/bushman/Desktop/pizza/jwt-pizza/src/components/carousel.tsx"],"mappings":"AAAA,OAAO,WAAW;AAMlB,wBAAwB,SAAS,OAAc;AAC7C,SACE,oCAAC,SAAI,oBAAiB,sDAAqD,WAAU,8BACnF,oCAAC,SAAI,WAAU,gGACb,oCAAC,SAAI,WAAU,mHACZ,MAAM,OAAO,IAAI,CAAC,OAAO,UACxB,oCAAC,SAAI,WAAU,qBAAoB,KAAK,SACrC,KACH,CACD,CACH,CACF,GAEA,oCAAC,SAAI,WAAU,0FACZ,MAAM,OAAO,IAAI,CAAC,GAAG,UACpB;AAAA,IAAC;AAAA;AAAA,MACC,KAAK;AAAA,MACL,WAAU;AAAA;AAAA,EAA8H,CAC3I,CACH,CACF;AAEJ;","names":[]},"_coverageSchema":"1a1c01bbd47fc00a2c39e90264f33305004495a9","hash":"71ccd6b01c2958b99b0223c9cace739cd65e9ed1"},"/Users/bushman/Desktop/pizza/jwt-pizza/src/components/quote.tsx":{"path":"/Users/bushman/Desktop/pizza/jwt-pizza/src/components/quote.tsx","statementMap":{"0":{"start":{"line":3,"column":2},"end":{"line":21,"column":315}}},"fnMap":{"0":{"name":"Quote","decl":{"start":{"line":2,"column":24},"end":{"line":2,"column":29}},"loc":{"start":{"line":2,"column":37},"end":{"line":22,"column":1}},"line":2}},"branchMap":{},"s":{"0":0},"f":{"0":0},"b":{},"inputSourceMap":{"version":3,"sources":["/Users/bushman/Desktop/pizza/jwt-pizza/src/components/quote.tsx"],"mappings":"AAAA,OAAO,WAAW;AAOlB,wBAAwB,MAAM,OAAc;AAC1C,SACE,oCAAC,gBAAW,WAAU,mBACpB;AAAA,IAAC;AAAA;AAAA,MACC,WAAU;AAAA,MACV,OAAM;AAAA,MACN,QAAO;AAAA,MACP,SAAQ;AAAA,MACR,MAAK;AAAA,MACL,OAAM;AAAA,MACN,eAAY;AAAA;AAAA,IACZ;AAAA,MAAC;AAAA;AAAA,QACC,GAAE;AAAA,QACF,MAAK;AAAA;AAAA,IAAe;AAAA,EACxB,GAEA,oCAAC,SAAI,WAAU,mBACb,oCAAC,OAAE,WAAU,mBACX,oCAAC,YACE,MAAM,OACP,oCAAC,UAAK,WAAU,mBAAgB,OAAI,MAAM,MAAO,CACnD,CACF,CACF,CACF;AAEJ;","names":[]},"_coverageSchema":"1a1c01bbd47fc00a2c39e90264f33305004495a9","hash":"1e4b3eca6d412018789bf85df480b139c268b4ea"},"/Users/bushman/Desktop/pizza/jwt-pizza/src/components/button.tsx":{"path":"/Users/bushman/Desktop/pizza/jwt-pizza/src/components/button.tsx","statementMap":{"0":{"start":{"line":3,"column":25},"end":{"line":3,"column":168}},"1":{"start":{"line":4,"column":2},"end":{"line":4,"column":191}}},"fnMap":{"0":{"name":"Button","decl":{"start":{"line":2,"column":24},"end":{"line":2,"column":30}},"loc":{"start":{"line":2,"column":38},"end":{"line":5,"column":1}},"line":2}},"branchMap":{"0":{"loc":{"start":{"line":4,"column":89},"end":{"line":4,"column":123}},"type":"cond-expr","locations":[{"start":{"line":4,"column":104},"end":{"line":4,"column":112}},{"start":{"line":4,"column":115},"end":{"line":4,"column":123}}],"line":4}},"s":{"0":0,"1":0},"f":{"0":0},"b":{"0":[0,0]},"inputSourceMap":{"version":3,"sources":["/Users/bushman/Desktop/pizza/jwt-pizza/src/components/button.tsx"],"mappings":"AAAA,OAAO,WAAW;AAUlB,wBAAwB,OAAO,OAAc;AAC3C,QAAM,iBAAiB,8HAA8H,MAAM,SAAS;AACpK,SACE,oCAAC,YAAO,UAAU,MAAM,UAAU,MAAM,MAAM,SAAS,WAAW,UAAU,WAAW,gBAAgB,SAAS,MAAM,WACnH,MAAM,KACT;AAEJ;","names":[]},"_coverageSchema":"1a1c01bbd47fc00a2c39e90264f33305004495a9","hash":"285990046c59eca62eb45755bb36d066bb37b3c6"},"/Users/bushman/Desktop/pizza/jwt-pizza/src/views/home.tsx":{"path":"/Users/bushman/Desktop/pizza/jwt-pizza/src/views/home.tsx","statementMap":{"0":{"start":{"line":8,"column":19},"end":{"line":8,"column":32}},"1":{"start":{"line":10,"column":4},"end":{"line":10,"column":22}},"2":{"start":{"line":12,"column":2},"end":{"line":28,"column":2174}}},"fnMap":{"0":{"name":"Home","decl":{"start":{"line":7,"column":24},"end":{"line":7,"column":28}},"loc":{"start":{"line":7,"column":31},"end":{"line":29,"column":1}},"line":7},"1":{"name":"orderNow","decl":{"start":{"line":9,"column":11},"end":{"line":9,"column":19}},"loc":{"start":{"line":9,"column":22},"end":{"line":11,"column":3}},"line":9}},"branchMap":{},"s":{"0":0,"1":0,"2":0},"f":{"0":0,"1":0},"b":{},"inputSourceMap":{"version":3,"sources":["/Users/bushman/Desktop/pizza/jwt-pizza/src/views/home.tsx"],"mappings":"AAAA,OAAO,WAAW;AAClB,SAAS,mBAAmB;AAC5B,OAAO,UAAU;AACjB,OAAO,cAAc;AACrB,OAAO,WAAW;AAClB,OAAO,YAAY;AAEnB,wBAAwB,OAAO;AAC7B,QAAM,WAAW,YAAY;AAE7B,WAAS,WAAW;AAClB,aAAS,OAAO;AAAA,EAClB;AAEA,SACE,oCAAC,QAAK,OAAM,0BACV,oCAAC,SAAI,WAAU,iDAAgD,OAAO,EAAE,iBAAiB,uBAAuB,GAAG,GACnH,oCAAC,SAAI,WAAU,kCACb,oCAAC,UAAO,OAAM,aAAY,SAAS,UAAU,GAE7C;AAAA,IAAC;AAAA;AAAA,MACC,QAAQ;AAAA,QACN,oCAAC,SAAM,OAAM,6CAA4C,QAAO,0BAAyB;AAAA,QACzF,oCAAC,SAAM,OAAM,iBAAgB,QAAO,aAAY;AAAA,QAChD,oCAAC,SAAM,OAAM,yBAAwB,QAAO,qBAAoB;AAAA,QAChE,oCAAC,SAAM,OAAM,8CAA6C,QAAO,4BAA2B;AAAA,MAC9F;AAAA;AAAA,EACF,CACF,GACA;AAAA,IAAC;AAAA;AAAA,MACC,WAAU;AAAA;AAAA,IAE2B;AAAA,EAMvC,GACA,oCAAC,SAAI,KAAI,sBAAqB,WAAU,gEAA+D,GACvG,oCAAC,OAAE,WAAU,2CAAwC,ojBAKrD,GACA,oCAAC,OAAE,WAAU,2CAAwC,8jBAMrD,GACA,oCAAC,OAAE,WAAU,2CAAwC,qkBAMrD,CACF;AAEJ;","names":[]},"_coverageSchema":"1a1c01bbd47fc00a2c39e90264f33305004495a9","hash":"c102bd8cf07a4eddd87c9fdb510b6a500037cc64"},"/Users/bushman/Desktop/pizza/jwt-pizza/src/views/about.tsx":{"path":"/Users/bushman/Desktop/pizza/jwt-pizza/src/views/about.tsx","statementMap":{"0":{"start":{"line":4,"column":2},"end":{"line":60,"column":698}}},"fnMap":{"0":{"name":"About","decl":{"start":{"line":3,"column":24},"end":{"line":3,"column":29}},"loc":{"start":{"line":3,"column":32},"end":{"line":61,"column":1}},"line":3}},"branchMap":{},"s":{"0":0},"f":{"0":0},"b":{},"inputSourceMap":{"version":3,"sources":["/Users/bushman/Desktop/pizza/jwt-pizza/src/views/about.tsx"],"mappings":"AAAA,OAAO,WAAW;AAClB,OAAO,UAAU;AAEjB,wBAAwB,QAAQ;AAC9B,SACE,oCAAC,QAAK,OAAM,sBACV,oCAAC,SAAI,WAAU,0CACb,oCAAC,SAAI,KAAI,sBAAqB,WAAU,+DAA8D,GACtG,oCAAC,OAAE,WAAU,sNAAmN,4kBAKhO,GACA,oCAAC,OAAE,WAAU,qBAAkB,gmBAK/B,GAEA,oCAAC,QAAG,WAAU,yDAAsD,eAAa,GAEjF,oCAAC,OAAE,WAAU,qBAAkB,8oBAK/B,GACA,oCAAC,SAAI,WAAU,qBACb,oCAAC,SAAI,WAAU,6BACb;AAAA,IAAC;AAAA;AAAA,MACC,WAAU;AAAA,MACV,KAAI;AAAA,MACJ,KAAI;AAAA;AAAA,EACN,GACA;AAAA,IAAC;AAAA;AAAA,MACC,WAAU;AAAA,MACV,MAAK;AAAA;AAAA,IACN;AAAA,EAED,CACF,GACA,oCAAC,SAAI,WAAU,6BACb;AAAA,IAAC;AAAA;AAAA,MACC,WAAU;AAAA,MACV,KAAI;AAAA,MACJ,KAAI;AAAA;AAAA,EACN,GACA;AAAA,IAAC;AAAA;AAAA,MACC,WAAU;AAAA,MACV,MAAK;AAAA;AAAA,IACN;AAAA,EAED,CACF,GACA,oCAAC,SAAI,WAAU,6BACb;AAAA,IAAC;AAAA;AAAA,MACC,WAAU;AAAA,MACV,KAAI;AAAA,MACJ,KAAI;AAAA;AAAA,EACN,GACA;AAAA,IAAC;AAAA;AAAA,MACC,WAAU;AAAA,MACV,MAAK;AAAA;AAAA,IACN;AAAA,EAED,CACF,GACA,oCAAC,SAAI,WAAU,6BACb;AAAA,IAAC;AAAA;AAAA,MACC,WAAU;AAAA,MACV,KAAI;AAAA,MACJ,KAAI;AAAA;AAAA,EACN,GACA;AAAA,IAAC;AAAA;AAAA,MACC,WAAU;AAAA,MACV,MAAK;AAAA;AAAA,IACN;AAAA,EAED,CACF,CACF,GACA,oCAAC,OAAE,WAAU,qBAAkB,omBAK/B,CACF,CACF;AAEJ;","names":[]},"_coverageSchema":"1a1c01bbd47fc00a2c39e90264f33305004495a9","hash":"74ba8eb24aa92bebeb903046d5c5f82198cae9ac"},"/Users/bushman/Desktop/pizza/jwt-pizza/src/service/httpPizzaService.ts":{"path":"/Users/bushman/Desktop/pizza/jwt-pizza/src/service/httpPizzaService.ts","statementMap":{"0":{"start":{"line":1,"column":24},"end":{"line":1,"column":62}},"1":{"start":{"line":2,"column":24},"end":{"line":2,"column":62}},"2":{"start":{"line":5,"column":4},"end":{"line":34,"column":7}},"3":{"start":{"line":6,"column":6},"end":{"line":33,"column":7}},"4":{"start":{"line":7,"column":24},"end":{"line":13,"column":9}},"5":{"start":{"line":14,"column":26},"end":{"line":14,"column":55}},"6":{"start":{"line":15,"column":8},"end":{"line":17,"column":9}},"7":{"start":{"line":16,"column":10},"end":{"line":16,"column":67}},"8":{"start":{"line":18,"column":8},"end":{"line":20,"column":9}},"9":{"start":{"line":19,"column":10},"end":{"line":19,"column":46}},"10":{"start":{"line":21,"column":8},"end":{"line":23,"column":9}},"11":{"start":{"line":22,"column":10},"end":{"line":22,"column":40}},"12":{"start":{"line":24,"column":18},"end":{"line":24,"column":44}},"13":{"start":{"line":25,"column":18},"end":{"line":25,"column":32}},"14":{"start":{"line":26,"column":8},"end":{"line":30,"column":9}},"15":{"start":{"line":27,"column":10},"end":{"line":27,"column":21}},"16":{"start":{"line":29,"column":10},"end":{"line":29,"column":57}},"17":{"start":{"line":32,"column":8},"end":{"line":32,"column":50}},"18":{"start":{"line":37,"column":28},"end":{"line":37,"column":92}},"19":{"start":{"line":38,"column":4},"end":{"line":38,"column":41}},"20":{"start":{"line":39,"column":4},"end":{"line":39,"column":33}},"21":{"start":{"line":42,"column":28},"end":{"line":42,"column":99}},"22":{"start":{"line":43,"column":4},"end":{"line":43,"column":41}},"23":{"start":{"line":44,"column":4},"end":{"line":44,"column":33}},"24":{"start":{"line":47,"column":4},"end":{"line":47,"column":45}},"25":{"start":{"line":48,"column":4},"end":{"line":48,"column":37}},"26":{"start":{"line":51,"column":17},"end":{"line":51,"column":21}},"27":{"start":{"line":52,"column":4},"end":{"line":58,"column":5}},"28":{"start":{"line":53,"column":6},"end":{"line":57,"column":7}},"29":{"start":{"line":54,"column":8},"end":{"line":54,"column":57}},"30":{"start":{"line":56,"column":8},"end":{"line":56,"column":41}},"31":{"start":{"line":59,"column":4},"end":{"line":59,"column":35}},"32":{"start":{"line":62,"column":4},"end":{"line":62,"column":48}},"33":{"start":{"line":65,"column":4},"end":{"line":65,"column":43}},"34":{"start":{"line":68,"column":4},"end":{"line":68,"column":58}},"35":{"start":{"line":71,"column":4},"end":{"line":71,"column":85}},"36":{"start":{"line":74,"column":4},"end":{"line":74,"column":58}},"37":{"start":{"line":77,"column":4},"end":{"line":77,"column":66}},"38":{"start":{"line":80,"column":4},"end":{"line":80,"column":94}},"39":{"start":{"line":83,"column":4},"end":{"line":83,"column":73}},"40":{"start":{"line":86,"column":4},"end":{"line":86,"column":84}},"41":{"start":{"line":89,"column":4},"end":{"line":89,"column":91}},"42":{"start":{"line":92,"column":4},"end":{"line":94,"column":5}},"43":{"start":{"line":93,"column":6},"end":{"line":93,"column":62}},"44":{"start":{"line":95,"column":4},"end":{"line":95,"column":42}},"45":{"start":{"line":98,"column":25},"end":{"line":98,"column":47}}},"fnMap":{"0":{"name":"(anonymous_0)","decl":{"start":{"line":4,"column":2},"end":{"line":4,"column":3}},"loc":{"start":{"line":4,"column":49},"end":{"line":35,"column":3}},"line":4},"1":{"name":"(anonymous_1)","decl":{"start":{"line":5,"column":23},"end":{"line":5,"column":24}},"loc":{"start":{"line":5,"column":50},"end":{"line":34,"column":5}},"line":5},"2":{"name":"(anonymous_2)","decl":{"start":{"line":36,"column":2},"end":{"line":36,"column":3}},"loc":{"start":{"line":36,"column":31},"end":{"line":40,"column":3}},"line":36},"3":{"name":"(anonymous_3)","decl":{"start":{"line":41,"column":2},"end":{"line":41,"column":3}},"loc":{"start":{"line":41,"column":40},"end":{"line":45,"column":3}},"line":41},"4":{"name":"(anonymous_4)","decl":{"start":{"line":46,"column":2},"end":{"line":46,"column":3}},"loc":{"start":{"line":46,"column":11},"end":{"line":49,"column":3}},"line":46},"5":{"name":"(anonymous_5)","decl":{"start":{"line":50,"column":2},"end":{"line":50,"column":3}},"loc":{"start":{"line":50,"column":18},"end":{"line":60,"column":3}},"line":50},"6":{"name":"(anonymous_6)","decl":{"start":{"line":61,"column":2},"end":{"line":61,"column":3}},"loc":{"start":{"line":61,"column":18},"end":{"line":63,"column":3}},"line":61},"7":{"name":"(anonymous_7)","decl":{"start":{"line":64,"column":2},"end":{"line":64,"column":3}},"loc":{"start":{"line":64,"column":24},"end":{"line":66,"column":3}},"line":64},"8":{"name":"(anonymous_8)","decl":{"start":{"line":67,"column":2},"end":{"line":67,"column":3}},"loc":{"start":{"line":67,"column":21},"end":{"line":69,"column":3}},"line":67},"9":{"name":"(anonymous_9)","decl":{"start":{"line":70,"column":2},"end":{"line":70,"column":3}},"loc":{"start":{"line":70,"column":25},"end":{"line":72,"column":3}},"line":70},"10":{"name":"(anonymous_10)","decl":{"start":{"line":73,"column":2},"end":{"line":73,"column":3}},"loc":{"start":{"line":73,"column":27},"end":{"line":75,"column":3}},"line":73},"11":{"name":"(anonymous_11)","decl":{"start":{"line":76,"column":2},"end":{"line":76,"column":3}},"loc":{"start":{"line":76,"column":35},"end":{"line":78,"column":3}},"line":76},"12":{"name":"(anonymous_12)","decl":{"start":{"line":79,"column":2},"end":{"line":79,"column":3}},"loc":{"start":{"line":79,"column":62},"end":{"line":81,"column":3}},"line":79},"13":{"name":"(anonymous_13)","decl":{"start":{"line":82,"column":2},"end":{"line":82,"column":3}},"loc":{"start":{"line":82,"column":34},"end":{"line":84,"column":3}},"line":82},"14":{"name":"(anonymous_14)","decl":{"start":{"line":85,"column":2},"end":{"line":85,"column":3}},"loc":{"start":{"line":85,"column":38},"end":{"line":87,"column":3}},"line":85},"15":{"name":"(anonymous_15)","decl":{"start":{"line":88,"column":2},"end":{"line":88,"column":3}},"loc":{"start":{"line":88,"column":37},"end":{"line":90,"column":3}},"line":88},"16":{"name":"(anonymous_16)","decl":{"start":{"line":91,"column":2},"end":{"line":91,"column":3}},"loc":{"start":{"line":91,"column":22},"end":{"line":96,"column":3}},"line":91}},"branchMap":{"0":{"loc":{"start":{"line":4,"column":27},"end":{"line":4,"column":41}},"type":"default-arg","locations":[{"start":{"line":4,"column":36},"end":{"line":4,"column":41}}],"line":4},"1":{"loc":{"start":{"line":15,"column":8},"end":{"line":17,"column":9}},"type":"if","locations":[{"start":{"line":15,"column":8},"end":{"line":17,"column":9}},{"start":{},"end":{}}],"line":15},"2":{"loc":{"start":{"line":18,"column":8},"end":{"line":20,"column":9}},"type":"if","locations":[{"start":{"line":18,"column":8},"end":{"line":20,"column":9}},{"start":{},"end":{}}],"line":18},"3":{"loc":{"start":{"line":21,"column":8},"end":{"line":23,"column":9}},"type":"if","locations":[{"start":{"line":21,"column":8},"end":{"line":23,"column":9}},{"start":{},"end":{}}],"line":21},"4":{"loc":{"start":{"line":26,"column":8},"end":{"line":30,"column":9}},"type":"if","locations":[{"start":{"line":26,"column":8},"end":{"line":30,"column":9}},{"start":{"line":28,"column":15},"end":{"line":30,"column":9}}],"line":26},"5":{"loc":{"start":{"line":52,"column":4},"end":{"line":58,"column":5}},"type":"if","locations":[{"start":{"line":52,"column":4},"end":{"line":58,"column":5}},{"start":{},"end":{}}],"line":52},"6":{"loc":{"start":{"line":79,"column":22},"end":{"line":79,"column":30}},"type":"default-arg","locations":[{"start":{"line":79,"column":29},"end":{"line":79,"column":30}}],"line":79},"7":{"loc":{"start":{"line":79,"column":32},"end":{"line":79,"column":42}},"type":"default-arg","locations":[{"start":{"line":79,"column":40},"end":{"line":79,"column":42}}],"line":79},"8":{"loc":{"start":{"line":79,"column":44},"end":{"line":79,"column":60}},"type":"default-arg","locations":[{"start":{"line":79,"column":57},"end":{"line":79,"column":60}}],"line":79},"9":{"loc":{"start":{"line":92,"column":4},"end":{"line":94,"column":5}},"type":"if","locations":[{"start":{"line":92,"column":4},"end":{"line":94,"column":5}},{"start":{},"end":{}}],"line":92}},"s":{"0":1,"1":1,"2":0,"3":0,"4":0,"5":0,"6":0,"7":0,"8":0,"9":0,"10":0,"11":0,"12":0,"13":0,"14":0,"15":0,"16":0,"17":0,"18":0,"19":0,"20":0,"21":0,"22":0,"23":0,"24":0,"25":0,"26":0,"27":0,"28":0,"29":0,"30":0,"31":0,"32":0,"33":0,"34":0,"35":0,"36":0,"37":0,"38":0,"39":0,"40":0,"41":0,"42":0,"43":0,"44":0,"45":1},"f":{"0":0,"1":0,"2":0,"3":0,"4":0,"5":0,"6":0,"7":0,"8":0,"9":0,"10":0,"11":0,"12":0,"13":0,"14":0,"15":0,"16":0},"b":{"0":[0],"1":[0,0],"2":[0,0],"3":[0,0],"4":[0,0],"5":[0,0],"6":[0],"7":[0],"8":[0],"9":[0,0]},"inputSourceMap":{"version":3,"sources":["/Users/bushman/Desktop/pizza/jwt-pizza/src/service/httpPizzaService.ts"],"mappings":"AAEA,MAAM,kBAAkB,YAAY,IAAI;AACxC,MAAM,kBAAkB,YAAY,IAAI;AAExC,MAAM,iBAAyC;AAAA,EAC7C,MAAM,aAAa,MAAc,SAAiB,OAAO,MAA0B;AACjF,WAAO,IAAI,QAAQ,OAAO,SAAS,WAAW;AAC5C,UAAI;AACF,cAAM,UAAe;AAAA,UACnB;AAAA,UACA,SAAS;AAAA,YACP,gBAAgB;AAAA,UAClB;AAAA,UACA,aAAa;AAAA,QACf;AAEA,cAAM,YAAY,aAAa,QAAQ,OAAO;AAC9C,YAAI,WAAW;AACb,kBAAQ,QAAQ,eAAe,IAAI,UAAU,SAAS;AAAA,QACxD;AAEA,YAAI,MAAM;AACR,kBAAQ,OAAO,KAAK,UAAU,IAAI;AAAA,QACpC;AAEA,YAAI,CAAC,KAAK,WAAW,MAAM,GAAG;AAC5B,iBAAO,kBAAkB;AAAA,QAC3B;AAEA,cAAM,IAAI,MAAM,MAAM,MAAM,OAAO;AACnC,cAAM,IAAI,MAAM,EAAE,KAAK;AACvB,YAAI,EAAE,IAAI;AACR,kBAAQ,CAAC;AAAA,QACX,OAAO;AACL,iBAAO,EAAE,MAAM,EAAE,QAAQ,SAAS,EAAE,QAAQ,CAAC;AAAA,QAC/C;AAAA,MACF,SAAS,GAAQ;AACf,eAAO,EAAE,MAAM,KAAK,SAAS,EAAE,QAAQ,CAAC;AAAA,MAC1C;AAAA,IACF,CAAC;AAAA,EACH;AAAA,EAEA,MAAM,MAAM,OAAe,UAAiC;AAC1D,UAAM,EAAE,MAAM,MAAM,IAAI,MAAM,KAAK,aAAa,aAAa,OAAO,EAAE,OAAO,SAAS,CAAC;AACvF,iBAAa,QAAQ,SAAS,KAAK;AACnC,WAAO,QAAQ,QAAQ,IAAI;AAAA,EAC7B;AAAA,EAEA,MAAM,SAAS,MAAc,OAAe,UAAiC;AAC3E,UAAM,EAAE,MAAM,MAAM,IAAI,MAAM,KAAK,aAAa,aAAa,QAAQ,EAAE,MAAM,OAAO,SAAS,CAAC;AAC9F,iBAAa,QAAQ,SAAS,KAAK;AACnC,WAAO,QAAQ,QAAQ,IAAI;AAAA,EAC7B;AAAA,EAEA,SAAe;AACb,SAAK,aAAa,aAAa,QAAQ;AACvC,iBAAa,WAAW,OAAO;AAAA,EACjC;AAAA,EAEA,MAAM,UAAgC;AACpC,QAAI,SAAsB;AAC1B,QAAI,aAAa,QAAQ,OAAO,GAAG;AACjC,UAAI;AACF,iBAAS,MAAM,KAAK,aAAa,cAAc;AAAA,MACjD,SAAS,GAAG;AACV,qBAAa,WAAW,OAAO;AAAA,MACjC;AAAA,IACF;AACA,WAAO,QAAQ,QAAQ,MAAM;AAAA,EAC/B;AAAA,EAEA,MAAM,UAAyB;AAC7B,WAAO,KAAK,aAAa,iBAAiB;AAAA,EAC5C;AAAA,EAEA,MAAM,UAAU,MAAmC;AACjD,WAAO,KAAK,aAAa,YAAY;AAAA,EACvC;AAAA,EAEA,MAAM,MAAM,OAAsC;AAChD,WAAO,KAAK,aAAa,cAAc,QAAQ,KAAK;AAAA,EACtD;AAAA,EAEA,MAAM,YAAY,KAAkC;AAClD,WAAO,KAAK,aAAa,kBAAkB,qBAAqB,QAAQ,EAAE,IAAI,CAAC;AAAA,EACjF;AAAA,EAEA,MAAM,aAAa,MAAkC;AACnD,WAAO,KAAK,aAAa,kBAAkB,KAAK,EAAE,EAAE;AAAA,EACtD;AAAA,EAEA,MAAM,gBAAgB,WAA0C;AAC9D,WAAO,KAAK,aAAa,kBAAkB,QAAQ,SAAS;AAAA,EAC9D;AAAA,EAEA,MAAM,cAAc,OAAe,GAAG,QAAgB,IAAI,aAAqB,KAA6B;AAC1G,WAAO,KAAK,aAAa,uBAAuB,IAAI,UAAU,KAAK,SAAS,UAAU,EAAE;AAAA,EAC1F;AAAA,EAEA,MAAM,eAAe,WAAqC;AACxD,WAAO,KAAK,aAAa,kBAAkB,UAAU,EAAE,IAAI,QAAQ;AAAA,EACrE;AAAA,EAEA,MAAM,YAAY,WAAsB,OAA8B;AACpE,WAAO,KAAK,aAAa,kBAAkB,UAAU,EAAE,UAAU,QAAQ,KAAK;AAAA,EAChF;AAAA,EAEA,MAAM,WAAW,WAAsB,OAA6B;AAClE,WAAO,KAAK,aAAa,kBAAkB,UAAU,EAAE,UAAU,MAAM,EAAE,IAAI,QAAQ;AAAA,EACvF;AAAA,EAEA,MAAM,KAAK,SAAqC;AAC9C,QAAI,YAAY,WAAW;AACzB,aAAO,KAAK,aAAa,kBAAkB,WAAW;AAAA,IACxD;AACA,WAAO,KAAK,aAAa,WAAW;AAAA,EACtC;AACF;AAEA,MAAM,mBAAmB,IAAI,iBAAiB;AAC9C,eAAe;","names":[]},"_coverageSchema":"1a1c01bbd47fc00a2c39e90264f33305004495a9","hash":"c4020ab27a83bd102e14cb3b88895d83eba7ce5c"},"/Users/bushman/Desktop/pizza/jwt-pizza/src/service/service.ts":{"path":"/Users/bushman/Desktop/pizza/jwt-pizza/src/service/service.ts","statementMap":{"0":{"start":{"line":2,"column":19},"end":{"line":2,"column":35}}},"fnMap":{},"branchMap":{},"s":{"0":1},"f":{},"b":{},"inputSourceMap":{"version":3,"sources":["/Users/bushman/Desktop/pizza/jwt-pizza/src/service/service.ts"],"mappings":"AAAA,OAAO,sBAAsB;AAG7B,IAAI,eAA6B;AACjC,SAAS;","names":[]},"_coverageSchema":"1a1c01bbd47fc00a2c39e90264f33305004495a9","hash":"4d4d6253aeffc265e1540554870cae71f4907a3d"},"/Users/bushman/Desktop/pizza/jwt-pizza/src/hooks/appNavigation.tsx":{"path":"/Users/bushman/Desktop/pizza/jwt-pizza/src/hooks/appNavigation.tsx","statementMap":{"0":{"start":{"line":3,"column":19},"end":{"line":3,"column":32}},"1":{"start":{"line":4,"column":19},"end":{"line":4,"column":32}},"2":{"start":{"line":5,"column":31},"end":{"line":13,"column":3}},"3":{"start":{"line":6,"column":18},"end":{"line":6,"column":84}},"4":{"start":{"line":7,"column":4},"end":{"line":11,"column":5}},"5":{"start":{"line":8,"column":6},"end":{"line":8,"column":40}},"6":{"start":{"line":9,"column":11},"end":{"line":11,"column":5}},"7":{"start":{"line":10,"column":6},"end":{"line":10,"column":20}},"8":{"start":{"line":12,"column":4},"end":{"line":12,"column":49}},"9":{"start":{"line":14,"column":2},"end":{"line":14,"column":30}}},"fnMap":{"0":{"name":"useBreadcrumb","decl":{"start":{"line":2,"column":9},"end":{"line":2,"column":22}},"loc":{"start":{"line":2,"column":32},"end":{"line":15,"column":1}},"line":2},"1":{"name":"(anonymous_1)","decl":{"start":{"line":5,"column":31},"end":{"line":5,"column":32}},"loc":{"start":{"line":5,"column":37},"end":{"line":13,"column":3}},"line":5}},"branchMap":{"0":{"loc":{"start":{"line":7,"column":4},"end":{"line":11,"column":5}},"type":"if","locations":[{"start":{"line":7,"column":4},"end":{"line":11,"column":5}},{"start":{"line":9,"column":11},"end":{"line":11,"column":5}}],"line":7},"1":{"loc":{"start":{"line":9,"column":11},"end":{"line":11,"column":5}},"type":"if","locations":[{"start":{"line":9,"column":11},"end":{"line":11,"column":5}},{"start":{},"end":{}}],"line":9}},"s":{"0":4,"1":4,"2":4,"3":0,"4":0,"5":0,"6":0,"7":0,"8":0,"9":4},"f":{"0":4,"1":0},"b":{"0":[0,0],"1":[0,0]},"inputSourceMap":{"version":3,"sources":["/Users/bushman/Desktop/pizza/jwt-pizza/src/hooks/appNavigation.tsx"],"mappings":"AAAA,SAAS,aAAa,mBAAmB;AAEzC,SAAS,cAAc,SAAkB;AACvC,QAAM,WAAW,YAAY;AAC7B,QAAM,WAAW,YAAY;AAE7B,QAAM,uBAAuB,MAAM;AACjC,QAAI,UAAU,SAAS,SAAS,UAAU,GAAG,SAAS,SAAS,YAAY,GAAG,CAAC;AAC/E,QAAI,SAAS;AACX,gBAAU,UAAU,MAAM;AAAA,IAC5B,WAAW,YAAY,IAAI;AACzB,gBAAU;AAAA,IACZ;AACA,aAAS,SAAS,EAAE,OAAO,SAAS,MAAM,CAAC;AAAA,EAC7C;AAEA,SAAO;AACT;AAEA,SAAS;","names":[]},"_coverageSchema":"1a1c01bbd47fc00a2c39e90264f33305004495a9","hash":"ecbe71a69d39653d97f7b4c92e49ce88b0167540"},"/Users/bushman/Desktop/pizza/jwt-pizza/src/views/register.tsx":{"path":"/Users/bushman/Desktop/pizza/jwt-pizza/src/views/register.tsx","statementMap":{"0":{"start":{"line":8,"column":26},"end":{"line":8,"column":44}},"1":{"start":{"line":9,"column":34},"end":{"line":9,"column":52}},"2":{"start":{"line":10,"column":28},"end":{"line":10,"column":46}},"3":{"start":{"line":11,"column":32},"end":{"line":11,"column":50}},"4":{"start":{"line":12,"column":31},"end":{"line":12,"column":46}},"5":{"start":{"line":13,"column":26},"end":{"line":13,"column":48}},"6":{"start":{"line":14,"column":18},"end":{"line":14,"column":36}},"7":{"start":{"line":15,"column":2},"end":{"line":17,"column":9}},"8":{"start":{"line":16,"column":4},"end":{"line":16,"column":29}},"9":{"start":{"line":19,"column":4},"end":{"line":19,"column":27}},"10":{"start":{"line":20,"column":4},"end":{"line":25,"column":5}},"11":{"start":{"line":21,"column":6},"end":{"line":21,"column":72}},"12":{"start":{"line":22,"column":6},"end":{"line":22,"column":29}},"13":{"start":{"line":24,"column":6},"end":{"line":24,"column":44}},"14":{"start":{"line":28,"column":4},"end":{"line":28,"column":20}},"15":{"start":{"line":30,"column":2},"end":{"line":68,"column":272}},"16":{"start":{"line":38,"column":23},"end":{"line":38,"column":46}},"17":{"start":{"line":50,"column":23},"end":{"line":50,"column":47}},"18":{"start":{"line":63,"column":23},"end":{"line":63,"column":50}}},"fnMap":{"0":{"name":"Register","decl":{"start":{"line":7,"column":24},"end":{"line":7,"column":32}},"loc":{"start":{"line":7,"column":40},"end":{"line":69,"column":1}},"line":7},"1":{"name":"(anonymous_1)","decl":{"start":{"line":15,"column":12},"end":{"line":15,"column":13}},"loc":{"start":{"line":15,"column":18},"end":{"line":17,"column":3}},"line":15},"2":{"name":"register","decl":{"start":{"line":18,"column":17},"end":{"line":18,"column":25}},"loc":{"start":{"line":18,"column":33},"end":{"line":26,"column":3}},"line":18},"3":{"name":"displayMessage","decl":{"start":{"line":27,"column":11},"end":{"line":27,"column":25}},"loc":{"start":{"line":27,"column":31},"end":{"line":29,"column":3}},"line":27},"4":{"name":"(anonymous_4)","decl":{"start":{"line":38,"column":16},"end":{"line":38,"column":17}},"loc":{"start":{"line":38,"column":23},"end":{"line":38,"column":46}},"line":38},"5":{"name":"(anonymous_5)","decl":{"start":{"line":50,"column":16},"end":{"line":50,"column":17}},"loc":{"start":{"line":50,"column":23},"end":{"line":50,"column":47}},"line":50},"6":{"name":"(anonymous_6)","decl":{"start":{"line":63,"column":16},"end":{"line":63,"column":17}},"loc":{"start":{"line":63,"column":23},"end":{"line":63,"column":50}},"line":63},"7":{"name":"(anonymous_7)","decl":{"start":{"line":67,"column":621},"end":{"line":67,"column":622}},"loc":{"start":{"line":67,"column":627},"end":{"line":68,"column":3}},"line":67}},"branchMap":{},"s":{"0":0,"1":0,"2":0,"3":0,"4":0,"5":0,"6":0,"7":0,"8":0,"9":0,"10":0,"11":0,"12":0,"13":0,"14":0,"15":0,"16":0,"17":0,"18":0},"f":{"0":0,"1":0,"2":0,"3":0,"4":0,"5":0,"6":0,"7":0},"b":{},"inputSourceMap":{"version":3,"sources":["/Users/bushman/Desktop/pizza/jwt-pizza/src/views/register.tsx"],"mappings":"AAAA,OAAO,SAAS,iBAAiB;AACjC,SAAS,SAAS,cAAc,YAAY,iBAAiB;AAC7D,OAAO,YAAY;AACnB,SAAS,oBAAoB;AAC7B,SAAS,qBAAqB;AAC9B,OAAO,UAAU;AAOjB,wBAAwB,SAAS,OAAc;AAC7C,QAAM,CAAC,MAAM,OAAO,IAAI,MAAM,SAAS,EAAE;AACzC,QAAM,CAAC,UAAU,WAAW,IAAI,MAAM,SAAS,EAAE;AACjD,QAAM,CAAC,OAAO,QAAQ,IAAI,MAAM,SAAS,EAAE;AAC3C,QAAM,CAAC,SAAS,UAAU,IAAI,MAAM,SAAS,EAAE;AAE/C,QAAM,uBAAuB,cAAc;AAC3C,QAAM,kBAAkB,cAAc,OAAO;AAC7C,QAAM,UAAU,MAAM,OAAyB,IAAI;AAEnD,YAAU,MAAM;AACd,YAAQ,SAAS,MAAM;AAAA,EACzB,GAAG,CAAC,CAAC;AAEL,iBAAe,SAAS,OAAwB;AAC9C,UAAM,eAAe;AACrB,QAAI;AACF,YAAM,QAAQ,MAAM,aAAa,SAAS,MAAM,OAAO,QAAQ,CAAC;AAChE,2BAAqB;AAAA,IACvB,SAAS,OAAO;AACd,qBAAe,KAAK,UAAU,KAAK,CAAC;AAAA,IACtC;AAAA,EACF;AAEA,WAAS,eAAe,KAAa;AACnC,eAAW,GAAG;AAAA,EAChB;AAEA,SACE,oCAAC,QAAK,OAAM,0BACV,oCAAC,SAAI,WAAU,qDACb,oCAAC,SAAI,WAAU,qCAAmC,OAAQ,GAE1D,oCAAC,UAAK,UAAU,YACd,oCAAC,SAAI,WAAU,+DACb,oCAAC,aACC,oCAAC,WAAM,SAAQ,SAAQ,WAAU,aAAU,eAE3C,GACA,oCAAC,SAAI,WAAU,cACb;AAAA,IAAC;AAAA;AAAA,MACC,MAAK;AAAA,MACL,OAAO;AAAA,MACP,KAAK;AAAA,MACL,cAAa;AAAA,MACb,UAAQ;AAAA,MACR,UAAU,CAAC,MAAM,QAAQ,EAAE,OAAO,KAAK;AAAA,MACvC,IAAG;AAAA,MACH,WAAU;AAAA,MACV,aAAY;AAAA;AAAA,EACd,GACA,oCAAC,SAAI,WAAU,gGACb,oCAAC,gBAAW,CACd,CACF,CACF,GACA,oCAAC,SAAI,WAAU,cACb;AAAA,IAAC;AAAA;AAAA,MACC,MAAK;AAAA,MACL,OAAO;AAAA,MACP,cAAa;AAAA,MACb,UAAQ;AAAA,MACR,UAAU,CAAC,MAAM,SAAS,EAAE,OAAO,KAAK;AAAA,MACxC,IAAG;AAAA,MACH,WAAU;AAAA,MACV,aAAY;AAAA;AAAA,EACd,GACA,oCAAC,SAAI,WAAU,gGACb,oCAAC,eAAU,CACb,CACF,GACA,oCAAC,aACC,oCAAC,WAAM,SAAQ,YAAW,WAAU,aAAU,UAE9C,GACA,oCAAC,SAAI,WAAU,cACb;AAAA,IAAC;AAAA;AAAA,MACC,IAAG;AAAA,MACH,MAAK;AAAA,MACL,OAAO;AAAA,MACP,cAAa;AAAA,MACb,UAAQ;AAAA,MACR,UAAU,CAAC,MAAM,YAAY,EAAE,OAAO,KAAK;AAAA,MAC3C,WAAU;AAAA,MACV,aAAY;AAAA;AAAA,EACd,GACA,oCAAC,YAAO,MAAK,UAAS,2BAAwB,2BAA0B,WAAU,sDAChF,oCAAC,kBAAa,CAChB,GAEA,oCAAC,SAAI,WAAU,gGACb,oCAAC,aAAQ,CACX,CACF,CACF,GAEA,oCAAC,SAAI,WAAU,wBACb,oCAAC,UAAO,OAAM,YAAW,QAAM,MAAC,SAAS,MAAM;AAAA,EAAC,GAAG,CACrD,GACA,oCAAC,SAAI,WAAU,uBAAoB,4BACR,KACzB,oCAAC,UAAK,WAAU,mCAAkC,SAAS,mBAAiB,OAE5E,GAAQ,KAAI,UAEd,CACF,CACF,CACF,CACF;AAEJ;","names":[]},"_coverageSchema":"1a1c01bbd47fc00a2c39e90264f33305004495a9","hash":"72b2763c68ac7b0ea499472261f4c0d9523fb09d"},"/Users/bushman/Desktop/pizza/jwt-pizza/src/views/login.tsx":{"path":"/Users/bushman/Desktop/pizza/jwt-pizza/src/views/login.tsx","statementMap":{"0":{"start":{"line":8,"column":34},"end":{"line":8,"column":52}},"1":{"start":{"line":9,"column":28},"end":{"line":9,"column":46}},"2":{"start":{"line":10,"column":32},"end":{"line":10,"column":50}},"3":{"start":{"line":11,"column":27},"end":{"line":11,"column":42}},"4":{"start":{"line":12,"column":33},"end":{"line":12,"column":58}},"5":{"start":{"line":13,"column":19},"end":{"line":13,"column":37}},"6":{"start":{"line":14,"column":2},"end":{"line":16,"column":9}},"7":{"start":{"line":15,"column":4},"end":{"line":15,"column":30}},"8":{"start":{"line":18,"column":4},"end":{"line":18,"column":27}},"9":{"start":{"line":19,"column":4},"end":{"line":24,"column":5}},"10":{"start":{"line":20,"column":6},"end":{"line":20,"column":63}},"11":{"start":{"line":21,"column":6},"end":{"line":21,"column":25}},"12":{"start":{"line":23,"column":6},"end":{"line":23,"column":44}},"13":{"start":{"line":27,"column":4},"end":{"line":27,"column":20}},"14":{"start":{"line":29,"column":2},"end":{"line":55,"column":270}},"15":{"start":{"line":37,"column":23},"end":{"line":37,"column":47}},"16":{"start":{"line":50,"column":23},"end":{"line":50,"column":50}}},"fnMap":{"0":{"name":"Login","decl":{"start":{"line":7,"column":24},"end":{"line":7,"column":29}},"loc":{"start":{"line":7,"column":37},"end":{"line":56,"column":1}},"line":7},"1":{"name":"(anonymous_1)","decl":{"start":{"line":14,"column":12},"end":{"line":14,"column":13}},"loc":{"start":{"line":14,"column":18},"end":{"line":16,"column":3}},"line":14},"2":{"name":"login","decl":{"start":{"line":17,"column":17},"end":{"line":17,"column":22}},"loc":{"start":{"line":17,"column":30},"end":{"line":25,"column":3}},"line":17},"3":{"name":"displayMessage","decl":{"start":{"line":26,"column":11},"end":{"line":26,"column":25}},"loc":{"start":{"line":26,"column":31},"end":{"line":28,"column":3}},"line":26},"4":{"name":"(anonymous_4)","decl":{"start":{"line":37,"column":16},"end":{"line":37,"column":17}},"loc":{"start":{"line":37,"column":23},"end":{"line":37,"column":47}},"line":37},"5":{"name":"(anonymous_5)","decl":{"start":{"line":50,"column":16},"end":{"line":50,"column":17}},"loc":{"start":{"line":50,"column":23},"end":{"line":50,"column":50}},"line":50},"6":{"name":"(anonymous_6)","decl":{"start":{"line":54,"column":618},"end":{"line":54,"column":619}},"loc":{"start":{"line":54,"column":624},"end":{"line":55,"column":3}},"line":54}},"branchMap":{},"s":{"0":0,"1":0,"2":0,"3":0,"4":0,"5":0,"6":0,"7":0,"8":0,"9":0,"10":0,"11":0,"12":0,"13":0,"14":0,"15":0,"16":0},"f":{"0":0,"1":0,"2":0,"3":0,"4":0,"5":0,"6":0},"b":{},"inputSourceMap":{"version":3,"sources":["/Users/bushman/Desktop/pizza/jwt-pizza/src/views/login.tsx"],"mappings":"AAAA,OAAO,SAAS,iBAAiB;AACjC,SAAS,cAAc,SAAS,iBAAiB;AACjD,OAAO,YAAY;AACnB,SAAS,oBAAoB;AAC7B,SAAS,qBAAqB;AAC9B,OAAO,UAAU;AAOjB,wBAAwB,MAAM,OAAc;AAC1C,QAAM,CAAC,UAAU,WAAW,IAAI,MAAM,SAAS,EAAE;AACjD,QAAM,CAAC,OAAO,QAAQ,IAAI,MAAM,SAAS,EAAE;AAC3C,QAAM,CAAC,SAAS,UAAU,IAAI,MAAM,SAAS,EAAE;AAE/C,QAAM,mBAAmB,cAAc;AACvC,QAAM,yBAAyB,cAAc,UAAU;AACvD,QAAM,WAAW,MAAM,OAAyB,IAAI;AAEpD,YAAU,MAAM;AACd,aAAS,SAAS,MAAM;AAAA,EAC1B,GAAG,CAAC,CAAC;AAEL,iBAAe,MAAM,OAAwB;AAC3C,UAAM,eAAe;AACrB,QAAI;AACF,YAAM,QAAQ,MAAM,aAAa,MAAM,OAAO,QAAQ,CAAC;AACvD,uBAAiB;AAAA,IACnB,SAAS,OAAO;AACd,qBAAe,KAAK,UAAU,KAAK,CAAC;AAAA,IACtC;AAAA,EACF;AAEA,WAAS,eAAe,KAAa;AACnC,eAAW,GAAG;AAAA,EAChB;AAEA,SACE,oCAAC,QAAK,OAAM,kBACV,oCAAC,SAAI,WAAU,qDACb,oCAAC,SAAI,WAAU,qCAAmC,OAAQ,GAE1D,oCAAC,UAAK,UAAU,SACd,oCAAC,SAAI,WAAU,+DACb,oCAAC,aACC,oCAAC,WAAM,SAAQ,SAAQ,WAAU,aAAU,eAE3C,GACA,oCAAC,SAAI,WAAU,cACb;AAAA,IAAC;AAAA;AAAA,MACC,MAAK;AAAA,MACL,OAAO;AAAA,MACP,KAAK;AAAA,MACL,cAAa;AAAA,MACb,UAAQ;AAAA,MACR,UAAU,CAAC,MAAM,SAAS,EAAE,OAAO,KAAK;AAAA,MACxC,IAAG;AAAA,MACH,WAAU;AAAA,MACV,aAAY;AAAA;AAAA,EACd,GACA,oCAAC,SAAI,WAAU,gGACb,oCAAC,eAAU,CACb,CACF,CACF,GACA,oCAAC,aACC,oCAAC,WAAM,SAAQ,YAAW,WAAU,aAAU,UAE9C,GACA,oCAAC,SAAI,WAAU,cACb;AAAA,IAAC;AAAA;AAAA,MACC,IAAG;AAAA,MACH,MAAK;AAAA,MACL,OAAO;AAAA,MACP,UAAQ;AAAA,MACR,cAAa;AAAA,MACb,UAAU,CAAC,MAAM,YAAY,EAAE,OAAO,KAAK;AAAA,MAC3C,WAAU;AAAA,MACV,aAAY;AAAA;AAAA,EACd,GACA,oCAAC,YAAO,MAAK,UAAS,2BAAwB,2BAA0B,WAAU,sDAChF,oCAAC,kBAAa,CAChB,GAEA,oCAAC,SAAI,WAAU,gGACb,oCAAC,aAAQ,CACX,CACF,CACF,GAEA,oCAAC,SAAI,WAAU,wBACb,oCAAC,UAAO,OAAM,SAAQ,QAAM,MAAC,SAAS,MAAM;AAAA,EAAC,GAAG,CAClD,GACA,oCAAC,SAAI,WAAU,uBAAoB,gBACpB,KACb,oCAAC,UAAK,WAAU,mCAAkC,SAAS,0BAAwB,UAEnF,GAAQ,KAAI,UAEd,CACF,CACF,CACF,CACF;AAEJ;","names":[]},"_coverageSchema":"1a1c01bbd47fc00a2c39e90264f33305004495a9","hash":"8e7056a8a28cb282492414cce3011014cd32bad8"},"/Users/bushman/Desktop/pizza/jwt-pizza/src/views/logout.tsx":{"path":"/Users/bushman/Desktop/pizza/jwt-pizza/src/views/logout.tsx","statementMap":{"0":{"start":{"line":6,"column":19},"end":{"line":6,"column":32}},"1":{"start":{"line":7,"column":2},"end":{"line":11,"column":9}},"2":{"start":{"line":8,"column":4},"end":{"line":8,"column":26}},"3":{"start":{"line":9,"column":4},"end":{"line":9,"column":24}},"4":{"start":{"line":10,"column":4},"end":{"line":10,"column":18}},"5":{"start":{"line":12,"column":2},"end":{"line":12,"column":170}}},"fnMap":{"0":{"name":"Logout","decl":{"start":{"line":5,"column":24},"end":{"line":5,"column":30}},"loc":{"start":{"line":5,"column":38},"end":{"line":13,"column":1}},"line":5},"1":{"name":"(anonymous_1)","decl":{"start":{"line":7,"column":18},"end":{"line":7,"column":19}},"loc":{"start":{"line":7,"column":24},"end":{"line":11,"column":3}},"line":7}},"branchMap":{},"s":{"0":0,"1":0,"2":0,"3":0,"4":0,"5":0},"f":{"0":0,"1":0},"b":{},"inputSourceMap":{"version":3,"sources":["/Users/bushman/Desktop/pizza/jwt-pizza/src/views/logout.tsx"],"mappings":"AAAA,OAAO,WAAW;AAClB,SAAS,mBAAmB;AAC5B,SAAS,oBAAoB;AAC7B,OAAO,UAAU;AAOjB,wBAAwB,OAAO,OAAc;AAC3C,QAAM,WAAW,YAAY;AAE7B,QAAM,UAAU,MAAM;AACpB,iBAAa,OAAO;AACpB,UAAM,QAAQ,IAAI;AAClB,aAAS,GAAG;AAAA,EACd,GAAG,CAAC,CAAC;AAEL,SACE,oCAAC,QAAK,OAAM,YACV,oCAAC,SAAI,WAAU,sBAAmB,iBAAe,CACnD;AAEJ;","names":[]},"_coverageSchema":"1a1c01bbd47fc00a2c39e90264f33305004495a9","hash":"08b043817369ef1d884e895cef8eb2d149946981"},"/Users/bushman/Desktop/pizza/jwt-pizza/src/components/card.tsx":{"path":"/Users/bushman/Desktop/pizza/jwt-pizza/src/components/card.tsx","statementMap":{"0":{"start":{"line":3,"column":2},"end":{"line":10,"column":284}}},"fnMap":{"0":{"name":"Card","decl":{"start":{"line":2,"column":24},"end":{"line":2,"column":28}},"loc":{"start":{"line":2,"column":36},"end":{"line":11,"column":1}},"line":2}},"branchMap":{},"s":{"0":0},"f":{"0":0},"b":{},"inputSourceMap":{"version":3,"sources":["/Users/bushman/Desktop/pizza/jwt-pizza/src/components/card.tsx"],"mappings":"AAAA,OAAO,WAAW;AAQlB,wBAAwB,KAAK,OAAc;AACzC,SACE,oCAAC,SAAI,WAAU,uBACb,oCAAC,OAAE,WAAU,4GAA2G,MAAK,OAC3H,oCAAC,SAAI,WAAU,4EACb;AAAA,IAAC;AAAA;AAAA,MACC,WAAU;AAAA,MACV,KAAK,MAAM;AAAA,MACX,KAAI;AAAA;AAAA,EACN,CACF,GACA,oCAAC,SAAI,WAAU,gBACb,oCAAC,QAAG,WAAU,qCAAmC,MAAM,KAAM,GAC7D,oCAAC,OAAE,WAAU,wBAAsB,MAAM,WAAY,CACvD,CACF,CACF;AAEJ;","names":[]},"_coverageSchema":"1a1c01bbd47fc00a2c39e90264f33305004495a9","hash":"2e1c47d9a54b1c6cd56a2431bb6fe421b46bbda9"},"/Users/bushman/Desktop/pizza/jwt-pizza/src/views/menu.tsx":{"path":"/Users/bushman/Desktop/pizza/jwt-pizza/src/views/menu.tsx","statementMap":{"0":{"start":{"line":8,"column":28},"end":{"line":8,"column":81}},"1":{"start":{"line":9,"column":26},"end":{"line":9,"column":38}},"2":{"start":{"line":10,"column":34},"end":{"line":10,"column":46}},"3":{"start":{"line":11,"column":44},"end":{"line":11,"column":73}},"4":{"start":{"line":12,"column":19},"end":{"line":12,"column":32}},"5":{"start":{"line":13,"column":2},"end":{"line":22,"column":9}},"6":{"start":{"line":14,"column":4},"end":{"line":21,"column":9}},"7":{"start":{"line":15,"column":20},"end":{"line":15,"column":48}},"8":{"start":{"line":16,"column":6},"end":{"line":16,"column":21}},"9":{"start":{"line":17,"column":28},"end":{"line":17,"column":72}},"10":{"start":{"line":18,"column":26},"end":{"line":18,"column":28}},"11":{"start":{"line":19,"column":6},"end":{"line":19,"column":137}},"12":{"start":{"line":19,"column":54},"end":{"line":19,"column":135}},"13":{"start":{"line":19,"column":90},"end":{"line":19,"column":134}},"14":{"start":{"line":20,"column":6},"end":{"line":20,"column":31}},"15":{"start":{"line":24,"column":4},"end":{"line":24,"column":110}},"16":{"start":{"line":27,"column":4},"end":{"line":27,"column":27}},"17":{"start":{"line":28,"column":4},"end":{"line":32,"column":5}},"18":{"start":{"line":29,"column":6},"end":{"line":29,"column":36}},"19":{"start":{"line":30,"column":6},"end":{"line":30,"column":63}},"20":{"start":{"line":31,"column":6},"end":{"line":31,"column":49}},"21":{"start":{"line":34,"column":2},"end":{"line":50,"column":9}},"22":{"start":{"line":34,"column":776},"end":{"line":34,"column":808}},"23":{"start":{"line":34,"column":945},"end":{"line":34,"column":1040}},"24":{"start":{"line":35,"column":191},"end":{"line":50,"column":3}},"25":{"start":{"line":41,"column":8},"end":{"line":41,"column":27}},"26":{"start":{"line":42,"column":8},"end":{"line":42,"column":56}},"27":{"start":{"line":43,"column":8},"end":{"line":43,"column":27}},"28":{"start":{"line":46,"column":8},"end":{"line":46,"column":59}}},"fnMap":{"0":{"name":"Menu","decl":{"start":{"line":7,"column":24},"end":{"line":7,"column":28}},"loc":{"start":{"line":7,"column":31},"end":{"line":51,"column":1}},"line":7},"1":{"name":"(anonymous_1)","decl":{"start":{"line":13,"column":12},"end":{"line":13,"column":13}},"loc":{"start":{"line":13,"column":18},"end":{"line":22,"column":3}},"line":13},"2":{"name":"(anonymous_2)","decl":{"start":{"line":14,"column":5},"end":{"line":14,"column":6}},"loc":{"start":{"line":14,"column":17},"end":{"line":21,"column":5}},"line":14},"3":{"name":"(anonymous_3)","decl":{"start":{"line":19,"column":39},"end":{"line":19,"column":40}},"loc":{"start":{"line":19,"column":54},"end":{"line":19,"column":135}},"line":19},"4":{"name":"(anonymous_4)","decl":{"start":{"line":19,"column":79},"end":{"line":19,"column":80}},"loc":{"start":{"line":19,"column":90},"end":{"line":19,"column":134}},"line":19},"5":{"name":"selectPizza","decl":{"start":{"line":23,"column":11},"end":{"line":23,"column":22}},"loc":{"start":{"line":23,"column":30},"end":{"line":25,"column":3}},"line":23},"6":{"name":"checkout","decl":{"start":{"line":26,"column":11},"end":{"line":26,"column":19}},"loc":{"start":{"line":26,"column":27},"end":{"line":33,"column":3}},"line":26},"7":{"name":"(anonymous_7)","decl":{"start":{"line":34,"column":769},"end":{"line":34,"column":770}},"loc":{"start":{"line":34,"column":776},"end":{"line":34,"column":808}},"line":34},"8":{"name":"(anonymous_8)","decl":{"start":{"line":34,"column":918},"end":{"line":34,"column":919}},"loc":{"start":{"line":34,"column":945},"end":{"line":34,"column":1040}},"line":34},"9":{"name":"(anonymous_9)","decl":{"start":{"line":34,"column":1464},"end":{"line":34,"column":1465}},"loc":{"start":{"line":34,"column":1470},"end":{"line":35,"column":3}},"line":34},"10":{"name":"(anonymous_10)","decl":{"start":{"line":35,"column":164},"end":{"line":35,"column":165}},"loc":{"start":{"line":35,"column":191},"end":{"line":50,"column":3}},"line":35},"11":{"name":"(anonymous_11)","decl":{"start":{"line":40,"column":15},"end":{"line":40,"column":16}},"loc":{"start":{"line":40,"column":22},"end":{"line":44,"column":7}},"line":40},"12":{"name":"(anonymous_12)","decl":{"start":{"line":45,"column":22},"end":{"line":45,"column":23}},"loc":{"start":{"line":45,"column":29},"end":{"line":47,"column":7}},"line":45}},"branchMap":{"0":{"loc":{"start":{"line":8,"column":37},"end":{"line":8,"column":80}},"type":"binary-expr","locations":[{"start":{"line":8,"column":37},"end":{"line":8,"column":63}},{"start":{"line":8,"column":67},"end":{"line":8,"column":80}}],"line":8},"1":{"loc":{"start":{"line":11,"column":53},"end":{"line":11,"column":72}},"type":"binary-expr","locations":[{"start":{"line":11,"column":53},"end":{"line":11,"column":66}},{"start":{"line":11,"column":70},"end":{"line":11,"column":72}}],"line":11},"2":{"loc":{"start":{"line":28,"column":4},"end":{"line":32,"column":5}},"type":"if","locations":[{"start":{"line":28,"column":4},"end":{"line":32,"column":5}},{"start":{},"end":{}}],"line":28},"3":{"loc":{"start":{"line":28,"column":8},"end":{"line":28,"column":47}},"type":"binary-expr","locations":[{"start":{"line":28,"column":8},"end":{"line":28,"column":21}},{"start":{"line":28,"column":25},"end":{"line":28,"column":47}}],"line":28},"4":{"loc":{"start":{"line":34,"column":1122},"end":{"line":34,"column":1256}},"type":"cond-expr","locations":[{"start":{"line":34,"column":1147},"end":{"line":34,"column":1187}},{"start":{"line":34,"column":1190},"end":{"line":34,"column":1256}}],"line":34},"5":{"loc":{"start":{"line":34,"column":1348},"end":{"line":34,"column":1389}},"type":"binary-expr","locations":[{"start":{"line":34,"column":1348},"end":{"line":34,"column":1362}},{"start":{"line":34,"column":1366},"end":{"line":34,"column":1389}}],"line":34}},"s":{"0":0,"1":0,"2":0,"3":0,"4":0,"5":0,"6":0,"7":0,"8":0,"9":0,"10":0,"11":0,"12":0,"13":0,"14":0,"15":0,"16":0,"17":0,"18":0,"19":0,"20":0,"21":0,"22":0,"23":0,"24":0,"25":0,"26":0,"27":0,"28":0},"f":{"0":0,"1":0,"2":0,"3":0,"4":0,"5":0,"6":0,"7":0,"8":0,"9":0,"10":0,"11":0,"12":0},"b":{"0":[0,0],"1":[0,0],"2":[0,0],"3":[0,0],"4":[0,0],"5":[0,0]},"inputSourceMap":{"version":3,"sources":["/Users/bushman/Desktop/pizza/jwt-pizza/src/views/menu.tsx"],"mappings":"AAAA,OAAO,SAAS,WAAW,gBAAgB;AAC3C,SAAS,oBAAoB;AAC7B,OAAO,UAAU;AACjB,OAAO,UAAU;AACjB,OAAO,YAAY;AACnB,SAAS,aAAa,mBAAmB;AAGzC,wBAAwB,OAAO;AAC7B,QAAM,CAAC,OAAO,QAAQ,IAAI,SAAS,YAAY,EAAE,OAAO,SAAS,EAAE,OAAO,CAAC,EAAE,CAAC;AAC9E,QAAM,CAAC,MAAM,OAAO,IAAI,SAAe,CAAC,CAAC;AACzC,QAAM,CAAC,UAAU,WAAW,IAAI,SAAoE,CAAC,CAAC;AACtG,QAAM,CAAC,eAAe,gBAAgB,IAAI,SAAS,MAAM,WAAW,EAAE;AACtE,QAAM,WAAW,YAAY;AAE7B,YAAU,MAAM;AACd,KAAC,YAAY;AACX,YAAMA,QAAO,MAAM,aAAa,QAAQ;AACxC,cAAQA,KAAI;AACZ,YAAM,gBAAgB,MAAM,aAAa,cAAc,GAAG,IAAI,GAAG;AACjE,YAAM,cAAyE,CAAC;AAChF,oBAAc,WAAW,QAAQ,CAAC,cAAc,UAAU,OAAO,QAAQ,CAAC,UAAW,YAAY,MAAM,EAAE,IAAI,EAAE,OAAO,UAAU,CAAE,CAAC;AACnI,kBAAY,WAAW;AAAA,IACzB,GAAG;AAAA,EACL,GAAG,CAAC,CAAC;AAEL,WAAS,YAAY,OAAc;AACjC,aAAS,EAAE,OAAO,CAAC,GAAG,MAAM,OAAO,EAAE,QAAQ,MAAM,IAAI,aAAa,MAAM,OAAO,OAAO,MAAM,MAAM,CAAC,EAAE,CAAC;AAAA,EAC1G;AAEA,WAAS,SAAS,OAAwB;AACxC,UAAM,eAAe;AACrB,QAAI,iBAAiB,MAAM,MAAM,SAAS,GAAG;AAC3C,YAAM,UAAU;AAChB,YAAM,cAAc,SAAS,aAAa,EAAE,UAAU;AACtD,eAAS,YAAY,EAAE,OAAO,EAAE,MAAa,EAAE,CAAC;AAAA,IAClD;AAAA,EACF;AAEA,SACE,oCAAC,QAAK,OAAM,6BACV,oCAAC,UAAK,UAAU,YACd,oCAAC,SAAI,WAAU,0FACb,oCAAC,SAAI,WAAU,kBAAe,sFAAoF,GAElH,oCAAC,SAAI,WAAU,2BACb,oCAAC,YAAO,WAAU,iHAAgH,OAAO,eAAe,UAAQ,MAAC,UAAU,CAAC,MAAM,iBAAiB,EAAE,OAAO,KAAK,KAC/M,oCAAC,YAAO,OAAM,MAAG,cAAY,GAC5B,OAAO,OAAO,QAAQ,EAAE,IAAI,CAAC,UAC5B,oCAAC,YAAO,KAAK,MAAM,MAAM,IAAI,OAAO,MAAM,MAAM,MAC7C,MAAM,MAAM,IACf,CACD,CACH,CACF,GAEA,oCAAC,SAAI,WAAU,qBAAmB,MAAM,MAAM,SAAS,IAAI,sBAAsB,MAAM,MAAM,SAAS,kEAAmE,GACzK,oCAAC,UAAO,OAAM,YAAW,QAAM,MAAC,UAAU,CAAC,iBAAiB,MAAM,MAAM,UAAU,GAAG,WAAU,qDAAoD,SAAS,MAAM;AAAA,EAAC,GAAG,GAEtK,oCAAC,SAAI,WAAU,2FACZ,KAAK,IAAI,CAAC,UACT;AAAA,IAAC;AAAA;AAAA,MACC,KAAK,MAAM;AAAA,MACX,MAAK;AAAA,MACL,SAAS,CAAC,MAAM;AACd,UAAE,eAAe;AACjB,UAAE,cAAc,UAAU,IAAI,gBAAgB;AAC9C,oBAAY,KAAK;AAAA,MACnB;AAAA,MACA,gBAAgB,CAAC,MAAM;AACrB,UAAE,cAAc,UAAU,OAAO,gBAAgB;AAAA,MACnD;AAAA;AAAA,IAEA,oCAAC,QAAK,OAAO,MAAM,OAAO,aAAa,MAAM,aAAa,OAAO,MAAM,OAAO;AAAA,EAChF,CACD,CACH,CACF,CACF,CACF;AAEJ;","names":["menu"]},"_coverageSchema":"1a1c01bbd47fc00a2c39e90264f33305004495a9","hash":"5ad65ccc0da522ef2894697a7470e41f445e0a1d"},"/Users/bushman/Desktop/pizza/jwt-pizza/src/views/delivery.tsx":{"path":"/Users/bushman/Desktop/pizza/jwt-pizza/src/views/delivery.tsx","statementMap":{"0":{"start":{"line":9,"column":19},"end":{"line":9,"column":32}},"1":{"start":{"line":10,"column":19},"end":{"line":10,"column":32}},"2":{"start":{"line":11,"column":16},"end":{"line":11,"column":55}},"3":{"start":{"line":12,"column":14},"end":{"line":12,"column":44}},"4":{"start":{"line":13,"column":38},"end":{"line":13,"column":113}},"5":{"start":{"line":15,"column":4},"end":{"line":20,"column":5}},"6":{"start":{"line":16,"column":16},"end":{"line":16,"column":51}},"7":{"start":{"line":17,"column":6},"end":{"line":17,"column":23}},"8":{"start":{"line":19,"column":6},"end":{"line":19,"column":99}},"9":{"start":{"line":21,"column":4},"end":{"line":21,"column":60}},"10":{"start":{"line":23,"column":2},"end":{"line":59,"column":9}},"11":{"start":{"line":37,"column":174},"end":{"line":37,"column":182}},"12":{"start":{"line":37,"column":269},"end":{"line":37,"column":286}},"13":{"start":{"line":37,"column":1023},"end":{"line":37,"column":1034}}},"fnMap":{"0":{"name":"Delivery","decl":{"start":{"line":8,"column":24},"end":{"line":8,"column":32}},"loc":{"start":{"line":8,"column":35},"end":{"line":60,"column":1}},"line":8},"1":{"name":"verify","decl":{"start":{"line":14,"column":17},"end":{"line":14,"column":23}},"loc":{"start":{"line":14,"column":26},"end":{"line":22,"column":3}},"line":14},"2":{"name":"(anonymous_2)","decl":{"start":{"line":37,"column":168},"end":{"line":37,"column":169}},"loc":{"start":{"line":37,"column":174},"end":{"line":37,"column":182}},"line":37},"3":{"name":"(anonymous_3)","decl":{"start":{"line":37,"column":263},"end":{"line":37,"column":264}},"loc":{"start":{"line":37,"column":269},"end":{"line":37,"column":286}},"line":37},"4":{"name":"(anonymous_4)","decl":{"start":{"line":37,"column":1013},"end":{"line":37,"column":1014}},"loc":{"start":{"line":37,"column":1023},"end":{"line":37,"column":1034}},"line":37}},"branchMap":{"0":{"loc":{"start":{"line":11,"column":16},"end":{"line":11,"column":55}},"type":"binary-expr","locations":[{"start":{"line":11,"column":16},"end":{"line":11,"column":37}},{"start":{"line":11,"column":41},"end":{"line":11,"column":55}}],"line":11},"1":{"loc":{"start":{"line":12,"column":14},"end":{"line":12,"column":44}},"type":"binary-expr","locations":[{"start":{"line":12,"column":14},"end":{"line":12,"column":33}},{"start":{"line":12,"column":37},"end":{"line":12,"column":44}}],"line":12},"2":{"loc":{"start":{"line":40,"column":75},"end":{"line":40,"column":141}},"type":"cond-expr","locations":[{"start":{"line":40,"column":108},"end":{"line":40,"column":124}},{"start":{"line":40,"column":127},"end":{"line":40,"column":141}}],"line":40},"3":{"loc":{"start":{"line":43,"column":895},"end":{"line":43,"column":961}},"type":"cond-expr","locations":[{"start":{"line":43,"column":928},"end":{"line":43,"column":944}},{"start":{"line":43,"column":947},"end":{"line":43,"column":961}}],"line":43}},"s":{"0":0,"1":0,"2":0,"3":0,"4":0,"5":0,"6":0,"7":0,"8":0,"9":0,"10":0,"11":0,"12":0,"13":0},"f":{"0":0,"1":0,"2":0,"3":0,"4":0},"b":{"0":[0,0],"1":[0,0],"2":[0,0],"3":[0,0]},"inputSourceMap":{"version":3,"sources":["/Users/bushman/Desktop/pizza/jwt-pizza/src/views/delivery.tsx"],"mappings":"AAAA,OAAO,WAAW;AAClB,SAAS,aAAa,mBAAmB;AACzC,OAAO,YAAY;AACnB,OAAO,UAAU;AACjB,SAAS,oBAAoB;AAC7B,SAAS,iBAAiB;AAC1B,SAAS,iBAAiB;AAG1B,wBAAwB,WAAW;AACjC,QAAM,WAAW,YAAY;AAC7B,QAAM,WAAW,YAAY;AAC7B,QAAM,QAAe,SAAS,OAAO,SAAS,EAAE,QAAQ,CAAC,EAAE;AAC3D,QAAM,MAAc,SAAS,OAAO,OAAO;AAC3C,QAAM,CAAC,YAAY,aAAa,IAAI,MAAM,SAAqB,EAAE,SAAS,WAAW,SAAS,2BAA2B,CAAC;AAE1H,iBAAe,SAAS;AACtB,QAAI;AACF,YAAM,IAAI,MAAM,aAAa,YAAY,GAAG;AAC5C,oBAAc,CAAC;AAAA,IACjB,SAAS,GAAQ;AACf,oBAAc,EAAE,GAAG,GAAG,SAAS,EAAE,OAAO,gDAAgD,EAAE,CAAC;AAAA,IAC7F;AACA,cAAU,KAAK,SAAS,eAAe,cAAc,CAAE;AAAA,EACzD;AAEA,SACE,oCAAC,QAAK,OAAM,6BACV,oCAAC,SAAI,WAAU,wFACb;AAAA,IAAC;AAAA;AAAA,MACC,OAAM;AAAA,MACN,SAAQ;AAAA,MACR,MAAK;AAAA,MACL,QAAO;AAAA,MACP,aAAY;AAAA,MACZ,eAAc;AAAA,MACd,gBAAe;AAAA,MACf,WAAU;AAAA;AAAA,IACV,oCAAC,UAAK,eAAc,SAAQ,gBAAe,SAAQ,GAAE,yCAAwC;AAAA,IAC7F,oCAAC,UAAK,eAAc,SAAQ,gBAAe,SAAQ,GAAE,2CAA0C;AAAA,EACjG,GAEA,oCAAC,aACC,oCAAC,UAAO,WAAU,+BAA8B,OAAM,UAAS,SAAS,MAAM,OAAO,GAAG,GACxF,oCAAC,UAAO,OAAM,cAAa,SAAS,MAAM,SAAS,OAAO,GAAG,CAC/D,GAEA,oCAAC,SAAI,WAAU,oEACb,oCAAC,SAAI,WAAU,mCAAgC,WAAS,GAAM,KAAC,oCAAC,SAAI,WAAU,gBAAc,MAAM,EAAG,GACrG,oCAAC,SAAI,WAAU,mCAAgC,YAAU,GAAM,KAAC,oCAAC,SAAI,WAAU,gBAAc,MAAM,OAAO,MAAO,GACjH,oCAAC,SAAI,WAAU,mCAAgC,QAAM,GAAO,KAC5D,oCAAC,SAAI,WAAU,gBAAc,MAAM,OAAO,OAAO,CAAC,GAAW,MAAW,IAAI,EAAE,OAAO,CAAC,EAAE,eAAe,GAAE,IAAE,CAC7G,GAEA;AAAA,IAAC;AAAA;AAAA,MACC,WAAW,0DAA0D,WAAW,YAAY,UAAU,mBAAmB,cAAc;AAAA;AAAA,IACtI;AAAA,EACH,CACF,GAEA,oCAAC,SAAI,IAAG,gBAAe,WAAU,kHAC/B,oCAAC,SAAI,WAAU,2MACb,oCAAC,SAAI,WAAU,sFACb,oCAAC,SAAI,WAAU,qFACb,oCAAC,QAAG,WAAU,6BAA0B,gBAC1B,oCAAC,UAAK,WAAW,WAAW,YAAY,UAAU,mBAAmB,kBAAiB,WAAW,OAAQ,CACvH,GACA;AAAA,IAAC;AAAA;AAAA,MACC,MAAK;AAAA,MACL,WAAU;AAAA,MACV,mBAAgB;AAAA;AAAA,IAChB,oCAAC,aAAU,WAAU,IAAG;AAAA,EAC1B,CACF,GACA,oCAAC,SAAI,WAAU,oCACb,oCAAC,SAAI,WAAU,2BAAyB,KAAK,UAAU,WAAW,SAAS,MAAM,CAAC,CAAE,CACtF,GACA,oCAAC,SAAI,WAAU,yFACb;AAAA,IAAC;AAAA;AAAA,MACC,MAAK;AAAA,MACL,WAAU;AAAA,MACV,mBAAgB;AAAA;AAAA,IAAgB;AAAA,EAElC,CACF,CACF,CACF,CACF,CACF;AAEJ;","names":[]},"_coverageSchema":"1a1c01bbd47fc00a2c39e90264f33305004495a9","hash":"14e889fce915405e4bca9a4cdae13e5851ed79e8"},"/Users/bushman/Desktop/pizza/jwt-pizza/src/views/franchiseDashboard.tsx":{"path":"/Users/bushman/Desktop/pizza/jwt-pizza/src/views/franchiseDashboard.tsx","statementMap":{"0":{"start":{"line":9,"column":19},"end":{"line":9,"column":32}},"1":{"start":{"line":10,"column":36},"end":{"line":10,"column":56}},"2":{"start":{"line":11,"column":2},"end":{"line":19,"column":19}},"3":{"start":{"line":12,"column":4},"end":{"line":18,"column":9}},"4":{"start":{"line":13,"column":6},"end":{"line":17,"column":7}},"5":{"start":{"line":14,"column":27},"end":{"line":14,"column":70}},"6":{"start":{"line":15,"column":8},"end":{"line":16,"column":38}},"7":{"start":{"line":16,"column":10},"end":{"line":16,"column":38}},"8":{"start":{"line":21,"column":4},"end":{"line":21,"column":76}},"9":{"start":{"line":24,"column":4},"end":{"line":24,"column":94}},"10":{"start":{"line":26,"column":2},"end":{"line":28,"column":3}},"11":{"start":{"line":27,"column":4},"end":{"line":27,"column":26}},"12":{"start":{"line":29,"column":2},"end":{"line":38,"column":133}},"13":{"start":{"line":29,"column":1010},"end":{"line":29,"column":1130}},"14":{"start":{"line":29,"column":1279},"end":{"line":38,"column":5}},"15":{"start":{"line":34,"column":21},"end":{"line":34,"column":49}},"16":{"start":{"line":41,"column":2},"end":{"line":41,"column":6508}},"17":{"start":{"line":41,"column":3867},"end":{"line":41,"column":3987}},"18":{"start":{"line":44,"column":2},"end":{"line":44,"column":414}}},"fnMap":{"0":{"name":"FranchiseDashboard","decl":{"start":{"line":8,"column":24},"end":{"line":8,"column":42}},"loc":{"start":{"line":8,"column":50},"end":{"line":39,"column":1}},"line":8},"1":{"name":"(anonymous_1)","decl":{"start":{"line":11,"column":18},"end":{"line":11,"column":19}},"loc":{"start":{"line":11,"column":24},"end":{"line":19,"column":3}},"line":11},"2":{"name":"(anonymous_2)","decl":{"start":{"line":12,"column":5},"end":{"line":12,"column":6}},"loc":{"start":{"line":12,"column":17},"end":{"line":18,"column":5}},"line":12},"3":{"name":"createStore","decl":{"start":{"line":20,"column":11},"end":{"line":20,"column":22}},"loc":{"start":{"line":20,"column":25},"end":{"line":22,"column":3}},"line":20},"4":{"name":"closeStore","decl":{"start":{"line":23,"column":11},"end":{"line":23,"column":21}},"loc":{"start":{"line":23,"column":41},"end":{"line":25,"column":3}},"line":23},"5":{"name":"(anonymous_5)","decl":{"start":{"line":29,"column":982},"end":{"line":29,"column":983}},"loc":{"start":{"line":29,"column":1010},"end":{"line":29,"column":1130}},"line":29},"6":{"name":"(anonymous_6)","decl":{"start":{"line":29,"column":1245},"end":{"line":29,"column":1246}},"loc":{"start":{"line":29,"column":1279},"end":{"line":38,"column":5}},"line":29},"7":{"name":"(anonymous_7)","decl":{"start":{"line":34,"column":15},"end":{"line":34,"column":16}},"loc":{"start":{"line":34,"column":21},"end":{"line":34,"column":49}},"line":34},"8":{"name":"whyFranchise","decl":{"start":{"line":40,"column":9},"end":{"line":40,"column":21}},"loc":{"start":{"line":40,"column":24},"end":{"line":42,"column":1}},"line":40},"9":{"name":"(anonymous_9)","decl":{"start":{"line":41,"column":3839},"end":{"line":41,"column":3840}},"loc":{"start":{"line":41,"column":3867},"end":{"line":41,"column":3987}},"line":41},"10":{"name":"OrderNow","decl":{"start":{"line":43,"column":9},"end":{"line":43,"column":17}},"loc":{"start":{"line":43,"column":20},"end":{"line":45,"column":1}},"line":43}},"branchMap":{"0":{"loc":{"start":{"line":13,"column":6},"end":{"line":17,"column":7}},"type":"if","locations":[{"start":{"line":13,"column":6},"end":{"line":17,"column":7}},{"start":{},"end":{}}],"line":13},"1":{"loc":{"start":{"line":15,"column":8},"end":{"line":16,"column":38}},"type":"if","locations":[{"start":{"line":15,"column":8},"end":{"line":16,"column":38}},{"start":{},"end":{}}],"line":15},"2":{"loc":{"start":{"line":26,"column":2},"end":{"line":28,"column":3}},"type":"if","locations":[{"start":{"line":26,"column":2},"end":{"line":28,"column":3}},{"start":{},"end":{}}],"line":26}},"s":{"0":0,"1":0,"2":0,"3":0,"4":0,"5":0,"6":0,"7":0,"8":0,"9":0,"10":0,"11":0,"12":0,"13":0,"14":0,"15":0,"16":0,"17":0,"18":0},"f":{"0":0,"1":0,"2":0,"3":0,"4":0,"5":0,"6":0,"7":0,"8":0,"9":0,"10":0},"b":{"0":[0,0],"1":[0,0],"2":[0,0]},"inputSourceMap":{"version":3,"sources":["/Users/bushman/Desktop/pizza/jwt-pizza/src/views/franchiseDashboard.tsx"],"mappings":"AAAA,OAAO,WAAW;AAClB,SAAS,mBAAmB;AAC5B,SAAS,eAAe;AACxB,OAAO,UAAU;AACjB,SAAS,WAAW,mBAAmB;AACvC,OAAO,YAAY;AACnB,SAAS,oBAAoB;AAO7B,wBAAwB,mBAAmB,OAAc;AACvD,QAAM,WAAW,YAAY;AAC7B,QAAM,CAAC,WAAW,YAAY,IAAI,MAAM,SAA2B,IAAI;AAEvE,QAAM,UAAU,MAAM;AACpB,KAAC,YAAY;AACX,UAAI,MAAM,MAAM;AACd,cAAM,aAAa,MAAM,aAAa,aAAa,MAAM,IAAI;AAC7D,YAAI,WAAW;AAAQ,uBAAa,WAAW,CAAC,CAAC;AAAA,MACnD;AAAA,IACF,GAAG;AAAA,EACL,GAAG,CAAC,MAAM,IAAI,CAAC;AAEf,WAAS,cAAc;AACrB,aAAS,qCAAqC,EAAE,OAAO,EAAE,UAAqB,EAAE,CAAC;AAAA,EACnF;AAEA,WAAS,WAAWA,YAAsB,OAAc;AACtD,aAAS,oCAAoC,EAAE,OAAO,EAAE,WAAWA,YAAW,MAAa,EAAE,CAAC;AAAA,EAChG;AAEA,MAAI,CAAC,WAAW;AACd,WAAO,aAAa;AAAA,EACtB;AAEA,SACE,oCAAC,QAAK,OAAO,UAAU,QACrB,oCAAC,SAAI,WAAU,sBAAmB,6EAA2E,GAE7G,oCAAC,SAAI,WAAU,uCACb,oCAAC,SAAI,WAAU,mBACb,oCAAC,SAAI,WAAU,4BACb,oCAAC,SAAI,WAAU,gDACb,oCAAC,SAAI,WAAU,qBACb,oCAAC,WAAM,WAAU,yCACf,oCAAC,WAAM,WAAU,wEACf,oCAAC,YACE,CAAC,QAAQ,WAAW,QAAQ,EAAE,IAAI,CAAC,WAClC,oCAAC,QAAG,KAAK,QAAQ,OAAM,OAAM,WAAU,+CACpC,MACH,CACD,CACH,CACF,GACA,oCAAC,WAAM,WAAU,8BACd,UAAU,QAAQ,IAAI,CAAC,OAAO,UAC7B,oCAAC,QAAG,KAAK,OAAO,WAAU,uBACxB,oCAAC,QAAG,WAAU,6DAA2D,MAAM,IAAK,GACpF,oCAAC,QAAG,WAAU,8CAA4C,MAAM,cAAc,eAAe,GAAE,IAAE,GACjG,oCAAC,QAAG,WAAU,4CACZ;AAAA,IAAC;AAAA;AAAA,MACC,MAAK;AAAA,MACL,WAAU;AAAA,MACV,SAAS,MAAM,WAAW,WAAW,KAAK;AAAA;AAAA,IAC1C,oCAAC,eAAU;AAAA,IAAE;AAAA,EAEf,CACF,CACF,CACD,CACH,CACF,CACF,CACF,CACF,CACF,CACF,GAEA,oCAAC,UAAO,WAAU,aAAY,OAAM,gBAAe,SAAS,aAAa,CAC3E;AAEJ;AAEA,SAAS,eAAe;AACtB,SACE,oCAAC,QAAK,OAAM,qCACV,oCAAC,SAAI,WAAU,0CACb,oCAAC,SAAI,WAAU,yFAAwF,MAAK,WAC1G,oCAAC,SAAI,WAAU,UACb,oCAAC,SAAI,WAAU,UACb,oCAAC,SAAI,WAAU,kCACb,oCAAC,UAAK,WAAU,UACd,oCAAC,iBAAY,CACf,GAAO,2CAEP,oCAAC,UAAK,WAAU,kDACd,oCAAC,WAAQ,IAAG,gCAA6B,OAAK,CAChD,GAAO,8BAET,CACF,CACF,CACF,GAEA,oCAAC,aACC,oCAAC,cAAS,GACV,oCAAC,OAAE,WAAU,sNAAmN,sNAGhO,GACA,oCAAC,SAAI,KAAI,sBAAqB,WAAU,8DAA6D,GACrG,oCAAC,OAAE,WAAU,qBAAkB,qRAG/B,GACA,oCAAC,OAAE,WAAU,qBAAkB,wZAI/B,GACA,oCAAC,OAAE,WAAU,qBAAkB,ybAK/B,GACA,oCAAC,SAAI,WAAU,uCACb,oCAAC,SAAI,WAAU,mBACb,oCAAC,SAAI,WAAU,4BACb,oCAAC,SAAI,WAAU,gDACb,oCAAC,SAAI,WAAU,qBACb,oCAAC,WAAM,WAAU,yCACf,oCAAC,WAAM,WAAU,wEACf,oCAAC,YACE,CAAC,QAAQ,UAAU,SAAS,eAAe,EAAE,IAAI,CAAC,WACjD,oCAAC,QAAG,KAAK,QAAQ,OAAM,OAAM,WAAU,+CACpC,MACH,CACD,CACH,CACF,GACA,oCAAC,WAAM,WAAU,8BACf,oCAAC,YACC,oCAAC,QAAG,WAAU,6DAA0D,MAAI,GAC5E,oCAAC,QAAG,WAAU,iDAA8C,MAAI,GAChE,oCAAC,QAAG,WAAU,iDAA8C,OAAK,GACjE,oCAAC,QAAG,WAAU,iDAA8C,MAAI,CAClE,GACA,oCAAC,YACC,oCAAC,QAAG,WAAU,6DAA0D,MAAI,GAC5E,oCAAC,QAAG,WAAU,iDAA8C,OAAK,GACjE,oCAAC,QAAG,WAAU,iDAA8C,OAAK,GACjE,oCAAC,QAAG,WAAU,iDAA8C,MAAI,CAClE,GACA,oCAAC,YACC,oCAAC,QAAG,WAAU,6DAA0D,MAAI,GAC5E,oCAAC,QAAG,WAAU,iDAA8C,OAAK,GACjE,oCAAC,QAAG,WAAU,iDAA8C,OAAK,GACjE,oCAAC,QAAG,WAAU,iDAA8C,MAAI,CAClE,CACF,CACF,CACF,CACF,CACF,CACF,CACF,GACA,oCAAC,SAAI,WAAU,UACb,oCAAC,QAAG,WAAU,yDAAsD,wBAAsB,GAC1F,oCAAC,OAAE,WAAU,sNAAmN,8YAIhO,CACF,CACF,CACF,CACF;AAEJ;AAEA,SAAS,WAAW;AAClB,SACE,oCAAC,OAAE,WAAU,qBACX,oCAAC,UAAK,WAAU,+DAA4D,UAAQ,GACpF,oCAAC,UAAK,WAAU,6CACd,oCAAC,OAAE,MAAK,sBAAmB,cAAY,CACzC,GACC,IACH;AAEJ;","names":["franchise"]},"_coverageSchema":"1a1c01bbd47fc00a2c39e90264f33305004495a9","hash":"4a46738b055ad274392cb6e79a7cdd6a821d02be"},"/Users/bushman/Desktop/pizza/jwt-pizza/src/views/history.tsx":{"path":"/Users/bushman/Desktop/pizza/jwt-pizza/src/views/history.tsx","statementMap":{"0":{"start":{"line":4,"column":2},"end":{"line":4,"column":2106}}},"fnMap":{"0":{"name":"History","decl":{"start":{"line":3,"column":24},"end":{"line":3,"column":31}},"loc":{"start":{"line":3,"column":34},"end":{"line":5,"column":1}},"line":3}},"branchMap":{},"s":{"0":0},"f":{"0":0},"b":{},"inputSourceMap":{"version":3,"sources":["/Users/bushman/Desktop/pizza/jwt-pizza/src/views/history.tsx"],"mappings":"AAAA,OAAO,WAAW;AAClB,OAAO,UAAU;AAEjB,wBAAwB,UAAU;AAChC,SACE,oCAAC,QAAK,OAAM,uBACV,oCAAC,SAAI,WAAU,2DACb,oCAAC,SAAI,KAAI,iBAAgB,WAAU,wBAAuB,GAC1D,oCAAC,aAAI,uNAGH,oCAAC,OAAE,WAAU,UAAO,uZAIpB,GACA,oCAAC,OAAE,WAAU,UAAO,qKAAmK,GACvL,oCAAC,OAAE,WAAU,UAAO,6XAIpB,GACA,oCAAC,OAAE,WAAU,UAAO,4TAGpB,CACF,CACF,CACF;AAEJ;","names":[]},"_coverageSchema":"1a1c01bbd47fc00a2c39e90264f33305004495a9","hash":"c037e8fb473cac98130f79ba89d16684aced45e6"},"/Users/bushman/Desktop/pizza/jwt-pizza/src/views/notFound.tsx":{"path":"/Users/bushman/Desktop/pizza/jwt-pizza/src/views/notFound.tsx","statementMap":{"0":{"start":{"line":4,"column":2},"end":{"line":4,"column":266}}},"fnMap":{"0":{"name":"NotFound","decl":{"start":{"line":3,"column":24},"end":{"line":3,"column":32}},"loc":{"start":{"line":3,"column":35},"end":{"line":5,"column":1}},"line":3}},"branchMap":{},"s":{"0":0},"f":{"0":0},"b":{},"inputSourceMap":{"version":3,"sources":["/Users/bushman/Desktop/pizza/jwt-pizza/src/views/notFound.tsx"],"mappings":"AAAA,OAAO,WAAW;AAClB,OAAO,UAAU;AAEjB,wBAAwB,WAAW;AACjC,SACE,oCAAC,QAAK,OAAM,UACV,oCAAC,SAAI,WAAU,2DAAwD,8EAA4E,CACrJ;AAEJ;","names":[]},"_coverageSchema":"1a1c01bbd47fc00a2c39e90264f33305004495a9","hash":"090d87f4515f3f4f55a8dde36db995c4ffd30f8a"},"/Users/bushman/Desktop/pizza/jwt-pizza/src/service/pizzaService.ts":{"path":"/Users/bushman/Desktop/pizza/jwt-pizza/src/service/pizzaService.ts","statementMap":{"0":{"start":{"line":1,"column":27},"end":{"line":6,"column":14}},"1":{"start":{"line":2,"column":2},"end":{"line":2,"column":27}},"2":{"start":{"line":3,"column":2},"end":{"line":3,"column":37}},"3":{"start":{"line":4,"column":2},"end":{"line":4,"column":27}},"4":{"start":{"line":5,"column":2},"end":{"line":5,"column":15}},"5":{"start":{"line":7,"column":0},"end":{"line":12,"column":24}},"6":{"start":{"line":9,"column":4},"end":{"line":9,"column":98}},"7":{"start":{"line":9,"column":81},"end":{"line":9,"column":96}},"8":{"start":{"line":11,"column":2},"end":{"line":11,"column":24}}},"fnMap":{"0":{"name":"(anonymous_0)","decl":{"start":{"line":1,"column":28},"end":{"line":1,"column":29}},"loc":{"start":{"line":1,"column":39},"end":{"line":6,"column":1}},"line":1},"1":{"name":"(anonymous_1)","decl":{"start":{"line":7,"column":1},"end":{"line":7,"column":2}},"loc":{"start":{"line":7,"column":12},"end":{"line":12,"column":1}},"line":7},"2":{"name":"isRole","decl":{"start":{"line":8,"column":11},"end":{"line":8,"column":17}},"loc":{"start":{"line":8,"column":30},"end":{"line":10,"column":3}},"line":8},"3":{"name":"(anonymous_3)","decl":{"start":{"line":9,"column":74},"end":{"line":9,"column":75}},"loc":{"start":{"line":9,"column":81},"end":{"line":9,"column":96}},"line":9}},"branchMap":{"0":{"loc":{"start":{"line":6,"column":3},"end":{"line":6,"column":13}},"type":"binary-expr","locations":[{"start":{"line":6,"column":3},"end":{"line":6,"column":7}},{"start":{"line":6,"column":11},"end":{"line":6,"column":13}}],"line":6},"1":{"loc":{"start":{"line":9,"column":11},"end":{"line":9,"column":97}},"type":"binary-expr","locations":[{"start":{"line":9,"column":11},"end":{"line":9,"column":23}},{"start":{"line":9,"column":27},"end":{"line":9,"column":52}},{"start":{"line":9,"column":56},"end":{"line":9,"column":97}}],"line":9},"2":{"loc":{"start":{"line":12,"column":3},"end":{"line":12,"column":22}},"type":"binary-expr","locations":[{"start":{"line":12,"column":3},"end":{"line":12,"column":7}},{"start":{"line":12,"column":12},"end":{"line":12,"column":21}}],"line":12}},"s":{"0":1,"1":1,"2":1,"3":1,"4":1,"5":1,"6":4,"7":0,"8":1},"f":{"0":1,"1":1,"2":4,"3":0},"b":{"0":[1,1],"1":[4,0,0],"2":[1,0]},"inputSourceMap":{"version":3,"sources":["/Users/bushman/Desktop/pizza/jwt-pizza/src/service/pizzaService.ts"],"mappings":"AAAA,IAAK,OAAL,kBAAKA,UAAL;AACE,EAAAA,MAAA,WAAQ;AACR,EAAAA,MAAA,gBAAa;AACb,EAAAA,MAAA,WAAQ;AAHL,SAAAA;AAAA,GAAA;AAAA,CAML,CAAUA,UAAV;AACS,WAAS,OAAO,MAAmB,MAAqB;AAC7D,WAAO,QAAQ,QAAQ,MAAM,QAAQ,KAAK,KAAK,KAAK,CAAC,CAAC,KAAK,MAAM,KAAK,CAAC,MAAM,EAAE,SAAS,IAAI;AAAA,EAC9F;AAFO,EAAAA,MAAS;AAAA,GADR;AA4GV,SAAS;","names":["Role"]},"_coverageSchema":"1a1c01bbd47fc00a2c39e90264f33305004495a9","hash":"3e25a709d9e5dc15c61000f79ba354d900d8c2a8"},"/Users/bushman/Desktop/pizza/jwt-pizza/src/views/adminDashboard.tsx":{"path":"/Users/bushman/Desktop/pizza/jwt-pizza/src/views/adminDashboard.tsx","statementMap":{"0":{"start":{"line":10,"column":19},"end":{"line":10,"column":32}},"1":{"start":{"line":11,"column":44},"end":{"line":11,"column":91}},"2":{"start":{"line":12,"column":44},"end":{"line":12,"column":61}},"3":{"start":{"line":13,"column":29},"end":{"line":13,"column":47}},"4":{"start":{"line":14,"column":2},"end":{"line":18,"column":34}},"5":{"start":{"line":15,"column":4},"end":{"line":17,"column":9}},"6":{"start":{"line":16,"column":6},"end":{"line":16,"column":80}},"7":{"start":{"line":20,"column":4},"end":{"line":20,"column":50}},"8":{"start":{"line":23,"column":4},"end":{"line":23,"column":75}},"9":{"start":{"line":26,"column":4},"end":{"line":26,"column":78}},"10":{"start":{"line":29,"column":4},"end":{"line":29,"column":116}},"11":{"start":{"line":31,"column":33},"end":{"line":31,"column":68}},"12":{"start":{"line":32,"column":2},"end":{"line":38,"column":3}},"13":{"start":{"line":33,"column":4},"end":{"line":37,"column":1551}},"14":{"start":{"line":33,"column":1092},"end":{"line":33,"column":1212}},"15":{"start":{"line":34,"column":6},"end":{"line":36,"column":10}},"16":{"start":{"line":34,"column":517},"end":{"line":34,"column":523}},"17":{"start":{"line":34,"column":921},"end":{"line":34,"column":946}},"18":{"start":{"line":35,"column":8},"end":{"line":35,"column":880}},"19":{"start":{"line":35,"column":783},"end":{"line":35,"column":811}},"20":{"start":{"line":37,"column":971},"end":{"line":37,"column":1006}},"21":{"start":{"line":37,"column":1270},"end":{"line":37,"column":1305}},"22":{"start":{"line":39,"column":2},"end":{"line":39,"column":18}}},"fnMap":{"0":{"name":"AdminDashboard","decl":{"start":{"line":9,"column":24},"end":{"line":9,"column":38}},"loc":{"start":{"line":9,"column":46},"end":{"line":40,"column":1}},"line":9},"1":{"name":"(anonymous_1)","decl":{"start":{"line":14,"column":18},"end":{"line":14,"column":19}},"loc":{"start":{"line":14,"column":24},"end":{"line":18,"column":3}},"line":14},"2":{"name":"(anonymous_2)","decl":{"start":{"line":15,"column":5},"end":{"line":15,"column":6}},"loc":{"start":{"line":15,"column":17},"end":{"line":17,"column":5}},"line":15},"3":{"name":"createFranchise","decl":{"start":{"line":19,"column":11},"end":{"line":19,"column":26}},"loc":{"start":{"line":19,"column":29},"end":{"line":21,"column":3}},"line":19},"4":{"name":"closeFranchise","decl":{"start":{"line":22,"column":17},"end":{"line":22,"column":31}},"loc":{"start":{"line":22,"column":43},"end":{"line":24,"column":3}},"line":22},"5":{"name":"closeStore","decl":{"start":{"line":25,"column":17},"end":{"line":25,"column":27}},"loc":{"start":{"line":25,"column":46},"end":{"line":27,"column":3}},"line":25},"6":{"name":"filterFranchises","decl":{"start":{"line":28,"column":17},"end":{"line":28,"column":33}},"loc":{"start":{"line":28,"column":36},"end":{"line":30,"column":3}},"line":28},"7":{"name":"(anonymous_7)","decl":{"start":{"line":33,"column":1064},"end":{"line":33,"column":1065}},"loc":{"start":{"line":33,"column":1092},"end":{"line":33,"column":1212}},"line":33},"8":{"name":"(anonymous_8)","decl":{"start":{"line":33,"column":1246},"end":{"line":33,"column":1247}},"loc":{"start":{"line":33,"column":1269},"end":{"line":37,"column":5}},"line":33},"9":{"name":"(anonymous_9)","decl":{"start":{"line":34,"column":510},"end":{"line":34,"column":511}},"loc":{"start":{"line":34,"column":517},"end":{"line":34,"column":523}},"line":34},"10":{"name":"(anonymous_10)","decl":{"start":{"line":34,"column":915},"end":{"line":34,"column":916}},"loc":{"start":{"line":34,"column":921},"end":{"line":34,"column":946}},"line":34},"11":{"name":"(anonymous_11)","decl":{"start":{"line":34,"column":1037},"end":{"line":34,"column":1038}},"loc":{"start":{"line":34,"column":1056},"end":{"line":36,"column":7}},"line":34},"12":{"name":"(anonymous_12)","decl":{"start":{"line":35,"column":777},"end":{"line":35,"column":778}},"loc":{"start":{"line":35,"column":783},"end":{"line":35,"column":811}},"line":35},"13":{"name":"(anonymous_13)","decl":{"
[...]
AAe,MAAM,SAAS;AACjD,yBAAqB;AAAA,EACvB;AAEA,SACE,oCAAC,QAAK,OAAM,yBACV,oCAAC,SAAI,WAAU,0CACb,oCAAC,SAAI,WAAU,sBAAmB,uCACG,oCAAC,UAAK,WAAU,qBAAmB,MAAM,UAAU,IAAK,GAAO,yHAEpG,GACA,oCAAC,UAAO,OAAM,SAAQ,SAAS,OAAO,GACtC,oCAAC,UAAO,OAAM,UAAS,SAAS,sBAAsB,WAAU,qCAAoC,CACtG,CACF;AAEJ;","names":[]},"_coverageSchema":"1a1c01bbd47fc00a2c39e90264f33305004495a9","hash":"e8f906346e52c1cc015b9dc366f01c16b2a1438b"},"/Users/bushman/Desktop/pizza/jwt-pizza/src/views/closeStore.tsx":{"path":"/Users/bushman/Desktop/pizza/jwt-pizza/src/views/closeStore.tsx","statementMap":{"0":{"start":{"line":8,"column":16},"end":{"line":8,"column":35}},"1":{"start":{"line":9,"column":27},"end":{"line":9,"column":42}},"2":{"start":{"line":11,"column":4},"end":{"line":11,"column":64}},"3":{"start":{"line":12,"column":4},"end":{"line":12,"column":23}},"4":{"start":{"line":14,"column":2},"end":{"line":14,"column":810}}},"fnMap":{"0":{"name":"CloseStore","decl":{"start":{"line":7,"column":24},"end":{"line":7,"column":34}},"loc":{"start":{"line":7,"column":37},"end":{"line":15,"column":1}},"line":7},"1":{"name":"close","decl":{"start":{"line":10,"column":17},"end":{"line":10,"column":22}},"loc":{"start":{"line":10,"column":25},"end":{"line":13,"column":3}},"line":10}},"branchMap":{},"s":{"0":5,"1":4,"2":0,"3":0,"4":4},"f":{"0":5,"1":0},"b":{},"inputSourceMap":{"version":3,"sources":["/Users/bushman/Desktop/pizza/jwt-pizza/src/views/closeStore.tsx"],"mappings":"AAAA,OAAO,WAAW;AAClB,SAAS,mBAAmB;AAC5B,SAAS,qBAAqB;AAC9B,SAAS,oBAAoB;AAC7B,OAAO,UAAU;AACjB,OAAO,YAAY;AAEnB,wBAAwB,aAAa;AACnC,QAAM,QAAQ,YAAY,EAAE;AAC5B,QAAM,mBAAmB,cAAc;AAEvC,iBAAe,QAAQ;AACrB,UAAM,aAAa,WAAW,MAAM,WAAW,MAAM,KAAK;AAC1D,qBAAiB;AAAA,EACnB;AAEA,SACE,oCAAC,QAAK,OAAM,yBACV,oCAAC,SAAI,WAAU,0CACb,oCAAC,SAAI,WAAU,sBAAmB,uCACG,oCAAC,UAAK,WAAU,qBAAmB,MAAM,UAAU,IAAK,GAAO,WAAO,oCAAC,UAAK,WAAU,qBAAmB,MAAM,MAAM,IAAK,GAAO,2EAEtK,GACA,oCAAC,UAAO,OAAM,SAAQ,SAAS,OAAO,GACtC,oCAAC,UAAO,OAAM,UAAS,SAAS,kBAAkB,WAAU,qCAAoC,CAClG,CACF;AAEJ;","names":[]},"_coverageSchema":"1a1c01bbd47fc00a2c39e90264f33305004495a9","hash":"d85eb68f8d6101d9139306cd00f02bc591440eb9"},"/Users/bushman/Desktop/pizza/jwt-pizza/src/views/payment.tsx":{"path":"/Users/bushman/Desktop/pizza/jwt-pizza/src/views/payment.tsx","statementMap":{"0":{"start":{"line":7,"column":40},"end":{"line":7,"column":58}},"1":{"start":{"line":8,"column":19},"end":{"line":8,"column":32}},"2":{"start":{"line":9,"column":16},"end":{"line":9,"column":54}},"3":{"start":{"line":10,"column":19},"end":{"line":10,"column":32}},"4":{"start":{"line":11,"column":2},"end":{"line":19,"column":9}},"5":{"start":{"line":12,"column":4},"end":{"line":18,"column":9}},"6":{"start":{"line":13,"column":19},"end":{"line":13,"column":47}},"7":{"start":{"line":14,"column":6},"end":{"line":17,"column":7}},"8":{"start":{"line":15,"column":26},"end":{"line":15,"column":54}},"9":{"start":{"line":16,"column":8},"end":{"line":16,"column":55}},"10":{"start":{"line":21,"column":4},"end":{"line":26,"column":5}},"11":{"start":{"line":22,"column":27},"end":{"line":22,"column":58}},"12":{"start":{"line":23,"column":6},"end":{"line":23,"column":93}},"13":{"start":{"line":25,"column":6},"end":{"line":25,"column":35}},"14":{"start":{"line":29,"column":4},"end":{"line":29,"column":44}},"15":{"start":{"line":31,"column":2},"end":{"line":31,"column":3018}},"16":{"start":{"line":31,"column":2096},"end":{"line":31,"column":2500}},"17":{"start":{"line":31,"column":2968},"end":{"line":31,"column":2979}}},"fnMap":{"0":{"name":"Payment","decl":{"start":{"line":6,"column":24},"end":{"line":6,"column":31}},"loc":{"start":{"line":6,"column":34},"end":{"line":32,"column":1}},"line":6},"1":{"name":"(anonymous_1)","decl":{"start":{"line":11,"column":18},"end":{"line":11,"column":19}},"loc":{"start":{"line":11,"column":24},"end":{"line":19,"column":3}},"line":11},"2":{"name":"(anonymous_2)","decl":{"start":{"line":12,"column":5},"end":{"line":12,"column":6}},"loc":{"start":{"line":12,"column":17},"end":{"line":18,"column":5}},"line":12},"3":{"name":"processPayment","decl":{"start":{"line":20,"column":17},"end":{"line":20,"column":31}},"loc":{"start":{"line":20,"column":34},"end":{"line":27,"column":3}},"line":20},"4":{"name":"cancel","decl":{"start":{"line":28,"column":11},"end":{"line":28,"column":17}},"loc":{"start":{"line":28,"column":20},"end":{"line":30,"column":3}},"line":28},"5":{"name":"(anonymous_5)","decl":{"start":{"line":31,"column":2063},"end":{"line":31,"column":2064}},"loc":{"start":{"line":31,"column":2096},"end":{"line":31,"column":2500}},"line":31},"6":{"name":"(anonymous_6)","decl":{"start":{"line":31,"column":2958},"end":{"line":31,"column":2959}},"loc":{"start":{"line":31,"column":2968},"end":{"line":31,"column":2979}},"line":31}},"branchMap":{"0":{"loc":{"start":{"line":9,"column":16},"end":{"line":9,"column":54}},"type":"binary-expr","locations":[{"start":{"line":9,"column":16},"end":{"line":9,"column":37}},{"start":{"line":9,"column":41},"end":{"line":9,"column":54}}],"line":9},"1":{"loc":{"start":{"line":14,"column":6},"end":{"line":17,"column":7}},"type":"if","locations":[{"start":{"line":14,"column":6},"end":{"line":17,"column":7}},{"start":{},"end":{}}],"line":14},"2":{"loc":{"start":{"line":31,"column":206},"end":{"line":31,"column":344}},"type":"binary-expr","locations":[{"start":{"line":31,"column":206},"end":{"line":31,"column":216}},{"start":{"line":31,"column":236},"end":{"line":31,"column":344}}],"line":31},"3":{"loc":{"start":{"line":31,"column":346},"end":{"line":31,"column":515}},"type":"binary-expr","locations":[{"start":{"line":31,"column":346},"end":{"line":31,"column":357}},{"start":{"line":31,"column":361},"end":{"line":31,"column":385}},{"start":{"line":31,"column":405},"end":{"line":31,"column":515}}],"line":31},"4":{"loc":{"start":{"line":31,"column":517},"end":{"line":31,"column":710}},"type":"binary-expr","locations":[{"start":{"line":31,"column":517},"end":{"line":31,"column":528}},{"start":{"line":31,"column":532},"end":{"line":31,"column":554}},{"start":{"line":31,"column":574},"end":{"line":31,"column":710}}],"line":31},"5":{"loc":{"start":{"line":31,"column":2793},"end":{"line":31,"column":2826}},"type":"cond-expr","locations":[{"start":{"line":31,"column":2818},"end":{"line":31,"column":2821}},{"start":{"line":31,"column":2824},"end":{"line":31,"column":2826}}],"line":31}},"s":{"0":0,"1":0,"2":0,"3":0,"4":0,"5":0,"6":0,"7":0,"8":0,"9":0,"10":0,"11":0,"12":0,"13":0,"14":0,"15":0,"16":0,"17":0},"f":{"0":0,"1":0,"2":0,"3":0,"4":0,"5":0,"6":0},"b":{"0":[0,0],"1":[0,0],"2":[0,0],"3":[0,0,0],"4":[0,0,0],"5":[0,0]},"inputSourceMap":{"version":3,"sources":["/Users/bushman/Desktop/pizza/jwt-pizza/src/views/payment.tsx"],"mappings":"AAAA,OAAO,WAAW;AAClB,SAAS,aAAa,mBAAmB;AACzC,OAAO,UAAU;AACjB,OAAO,YAAY;AACnB,SAAS,oBAAoB;AAG7B,wBAAwB,UAAU;AAChC,QAAM,CAAC,YAAY,eAAe,IAAI,MAAM,SAAS,EAAE;AACvD,QAAM,WAAW,YAAY;AAC7B,QAAM,QAAe,SAAS,OAAO,SAAS,EAAE,OAAO,CAAC,EAAE;AAC1D,QAAM,WAAW,YAAY;AAE7B,QAAM,UAAU,MAAM;AACpB,KAAC,YAAY;AACX,YAAM,OAAO,MAAM,aAAa,QAAQ;AACxC,UAAI,CAAC,MAAM;AACT,cAAM,YAAY,SAAS,WAAW;AACtC,iBAAS,WAAW,EAAE,OAAO,SAAS,MAAM,CAAC;AAAA,MAC/C;AAAA,IACF,GAAG;AAAA,EACL,GAAG,CAAC,CAAC;AAEL,iBAAe,iBAAiB;AAC9B,QAAI;AACF,YAAM,eAAe,MAAM,aAAa,MAAM,KAAK;AACnD,eAAS,aAAa,EAAE,OAAO,EAAE,OAAO,aAAa,OAAO,KAAK,aAAa,IAAI,EAAE,CAAC;AAAA,IACvF,SAAS,KAAU;AACjB,sBAAgB,IAAI,OAAO;AAAA,IAC7B;AAAA,EACF;AAEA,WAAS,SAAS;AAChB,aAAS,SAAS,EAAE,OAAO,EAAE,MAAa,EAAE,CAAC;AAAA,EAC/C;AAEA,SACE,oCAAC,QAAK,OAAM,iBACV,oCAAC,SAAI,WAAU,yEACZ,cAAc,oCAAC,SAAI,WAAU,kDAA+C,OAAI,UAAW,GAC3F,CAAC,cAAc,MAAM,MAAM,WAAW,KAAK,oCAAC,SAAI,WAAU,sCAAmC,+BAA6B,GAC1H,CAAC,cAAc,MAAM,MAAM,SAAS,KACnC,oCAAC,SAAI,WAAU,qCAAkC,kBAAe,MAAM,MAAM,QAAO,oBAAkB,GAEvG,oCAAC,aACC,oCAAC,UAAO,OAAM,WAAU,SAAS,gBAAgB,GACjD,oCAAC,UAAO,OAAM,UAAS,SAAS,QAAQ,WAAU,qCAAoC,CACxF,GACA,oCAAC,SAAI,WAAU,uCACb,oCAAC,SAAI,WAAU,mBACb,oCAAC,SAAI,WAAU,4BACb,oCAAC,SAAI,WAAU,gDACb,oCAAC,SAAI,WAAU,qBACb,oCAAC,WAAM,WAAU,yCACf,oCAAC,WAAM,WAAU,8DACf,oCAAC,YACC,oCAAC,QAAG,OAAM,OAAM,WAAU,yDAAsD,KAEhF,GACA,oCAAC,QAAG,OAAM,OAAM,WAAU,yDAAsD,OAEhF,CACF,CACF,GACA,oCAAC,WAAM,WAAU,8BACd,MAAM,MAAM,IAAI,CAAC,MAAiB,UACjC,oCAAC,QAAG,KAAK,OAAO,WAAU,uBACxB,oCAAC,QAAG,WAAU,yFAAuF,KAAK,WAAY,GACtH,oCAAC,QAAG,WAAU,6EAA2E,KAAK,MAAM,eAAe,GAAE,IAAE,CACzH,CACD,CACH,GACA,oCAAC,eACC,oCAAC,QAAG,WAAU,6CACZ,oCAAC,QAAG,WAAU,uDACX,MAAM,MAAM,QAAO,QAAK,MAAM,MAAM,SAAS,IAAI,MAAM,EAC1D,GACA,oCAAC,QAAG,WAAU,uDACX,MAAM,MAAM,OAAO,CAAC,GAAQ,MAAW,IAAI,EAAE,OAAO,CAAC,EAAE,eAAe,GAAE,IAC3E,CACF,CACF,CACF,CACF,CACF,CACF,CACF,CACF,CACF,CACF;AAEJ;","names":[]},"_coverageSchema":"1a1c01bbd47fc00a2c39e90264f33305004495a9","hash":"2c29743d57bb27e239231b961db4afbd48ee34e2"},"/Users/bushman/Desktop/pizza/jwt-pizza/src/views/docs.tsx":{"path":"/Users/bushman/Desktop/pizza/jwt-pizza/src/views/docs.tsx","statementMap":{"0":{"start":{"line":5,"column":13},"end":{"line":8,"column":1}},"1":{"start":{"line":9,"column":13},"end":{"line":18,"column":1}},"2":{"start":{"line":10,"column":22},"end":{"line":10,"column":33}},"3":{"start":{"line":11,"column":26},"end":{"line":11,"column":59}},"4":{"start":{"line":12,"column":2},"end":{"line":16,"column":9}},"5":{"start":{"line":13,"column":4},"end":{"line":15,"column":9}},"6":{"start":{"line":14,"column":6},"end":{"line":14,"column":48}},"7":{"start":{"line":17,"column":2},"end":{"line":17,"column":1560}},"8":{"start":{"line":17,"column":195},"end":{"line":17,"column":1215}},"9":{"start":{"line":17,"column":1375},"end":{"line":17,"column":1556}}},"fnMap":{"0":{"name":"(anonymous_0)","decl":{"start":{"line":9,"column":13},"end":{"line":9,"column":14}},"loc":{"start":{"line":9,"column":19},"end":{"line":18,"column":1}},"line":9},"1":{"name":"(anonymous_1)","decl":{"start":{"line":12,"column":18},"end":{"line":12,"column":19}},"loc":{"start":{"line":12,"column":24},"end":{"line":16,"column":3}},"line":12},"2":{"name":"(anonymous_2)","decl":{"start":{"line":13,"column":5},"end":{"line":13,"column":6}},"loc":{"start":{"line":13,"column":17},"end":{"line":15,"column":5}},"line":13},"3":{"name":"(anonymous_3)","decl":{"start":{"line":17,"column":163},"end":{"line":17,"column":164}},"loc":{"start":{"line":17,"column":195},"end":{"line":17,"column":1215}},"line":17},"4":{"name":"(anonymous_4)","decl":{"start":{"line":17,"column":1343},"end":{"line":17,"column":1344}},"loc":{"start":{"line":17,"column":1375},"end":{"line":17,"column":1556}},"line":17}},"branchMap":{"0":{"loc":{"start":{"line":17,"column":392},"end":{"line":17,"column":467}},"type":"binary-expr","locations":[{"start":{"line":17,"column":392},"end":{"line":17,"column":408}},{"start":{"line":17,"column":428},"end":{"line":17,"column":467}}],"line":17}},"s":{"0":1,"1":1,"2":0,"3":0,"4":0,"5":0,"6":0,"7":0,"8":0,"9":0},"f":{"0":0,"1":0,"2":0,"3":0,"4":0},"b":{"0":[0,0]},"inputSourceMap":{"version":3,"sources":["/Users/bushman/Desktop/pizza/jwt-pizza/src/views/docs.tsx"],"mappings":"AAAA,OAAO,WAAW;AAClB,OAAO,UAAU;AACjB,SAAS,oBAAoB;AAC7B,SAAS,iBAAiB;AAG1B,MAAM,OAAO;AAAA,EACX,EAAE,MAAM,WAAW,KAAK,YAAY,IAAI,uBAAuB;AAAA,EAC/D,EAAE,MAAM,WAAW,KAAK,YAAY,IAAI,uBAAuB;AACjE;AAEA,MAAM,OAAO,MAAM;AACjB,QAAM,EAAE,QAAQ,IAAI,UAAU;AAC9B,QAAM,CAAC,MAAM,OAAO,IAAI,MAAM,SAAoB,EAAE,WAAW,CAAC,EAAE,CAAC;AACnE,QAAM,UAAU,MAAM;AACpB,KAAC,YAAY;AACX,cAAQ,MAAM,aAAa,KAAK,OAAQ,CAAC;AAAA,IAC3C,GAAG;AAAA,EACL,GAAG,CAAC,CAAC;AAEL,SACE,oCAAC,QAAK,OAAM,mBACV,oCAAC,SAAI,WAAU,SACZ,KAAK,UAAU,IAAI,CAAC,KAAK,UACxB,oCAAC,SAAI,KAAK,OAAO,WAAU,oDACzB,oCAAC,QAAG,WAAU,sCACX,IAAI,gBAAgB,oCAAC,cAAK,IAAE,GAAQ,MAAG,IAAI,QAAO,MAAG,IAAI,IAC5D,GACA,oCAAC,WAAG,IAAI,WAAY,GAEpB,oCAAC,SAAI,WAAU,0BACb,oCAAC,WAAM,WAAU,eAAY,iBAAe,GAC5C,oCAAC,SAAI,WAAU,oEAAkE,IAAI,OAAQ,CAC/F,GACA,oCAAC,SAAI,WAAU,0BACb,oCAAC,WAAM,WAAU,eAAY,UAAQ,GACrC,oCAAC,SAAI,WAAU,oEAAkE,KAAK,UAAU,IAAI,UAAU,MAAM,CAAC,CAAE,CACzH,CACF,CACD,CACH,GACA,oCAAC,SAAI,WAAU,2DACZ,KAAK,IAAI,CAAC,KAAK,UACd,oCAAC,SAAI,KAAK,SACP,IAAI,MAAK,MACV,oCAAC,OAAE,WAAU,0CAAyC,MAAM,IAAI,OAC7D,IAAI,GACP,CACF,CACD,CACH,CACF;AAEJ;AAEA,eAAe;","names":[]},"_coverageSchema":"1a1c01bbd47fc00a2c39e90264f33305004495a9","hash":"9dc159f0d91e286bfa5674706a74f9626364eb11"},"/Users/bushman/Desktop/pizza/jwt-pizza/src/components/breadcrumb.tsx":{"path":"/Users/bushman/Desktop/pizza/jwt-pizza/src/components/breadcrumb.tsx","statementMap":{"0":{"start":{"line":5,"column":20},"end":{"line":5,"column":22}},"1":{"start":{"line":6,"column":16},"end":{"line":9,"column":4}},"2":{"start":{"line":7,"column":4},"end":{"line":7,"column":30}},"3":{"start":{"line":8,"column":4},"end":{"line":8,"column":422}},"4":{"start":{"line":10,"column":2},"end":{"line":10,"column":534}}},"fnMap":{"0":{"name":"Breadcrumb","decl":{"start":{"line":4,"column":24},"end":{"line":4,"column":34}},"loc":{"start":{"line":4,"column":42},"end":{"line":11,"column":1}},"line":4},"1":{"name":"(anonymous_1)","decl":{"start":{"line":6,"column":46},"end":{"line":6,"column":47}},"loc":{"start":{"line":6,"column":56},"end":{"line":9,"column":3}},"line":6}},"branchMap":{"0":{"loc":{"start":{"line":10,"column":515},"end":{"line":10,"column":532}},"type":"binary-expr","locations":[{"start":{"line":10,"column":515},"end":{"line":10,"column":523}},{"start":{"line":10,"column":527},"end":{"line":10,"column":532}}],"line":10}},"s":{"0":2,"1":2,"2":2,"3":2,"4":2},"f":{"0":2,"1":2},"b":{"0":[2,2]},"inputSourceMap":{"version":3,"sources":["/Users/bushman/Desktop/pizza/jwt-pizza/src/components/breadcrumb.tsx"],"mappings":"AAAA,OAAO,WAAW;AAClB,SAAS,eAAe;AACxB,SAAS,WAAW,uBAAuB;AAM3C,wBAAwB,WAAW,OAAc;AAC/C,MAAI,cAAc;AAClB,QAAM,QAAQ,MAAM,SAAS,MAAM,GAAG,EAAE,IAAI,CAAC,SAAS;AACpD,mBAAe,MAAM;AACrB,WACE,oCAAC,QAAG,KAAK,MAAM,WAAU,yEAAwE,gBAAa,UAC5G,oCAAC,qBAAgB,GAEjB,oCAAC,WAAQ,WAAU,sGAAqG,IAAI,eACzH,IACH,CACF;AAAA,EAEJ,CAAC;AACD,SACE,oCAAC,QAAG,WAAU,+DACZ,oCAAC,QAAG,WAAU,8BACZ,oCAAC,WAAQ,WAAU,sGAAqG,IAAG,OACzH,oCAAC,UAAK,WAAU,UACd,oCAAC,eAAU,CACb,GAAO,MAET,CACF,GACC,YAAY,KACf;AAEJ;","names":[]},"_coverageSchema":"1a1c01bbd47fc00a2c39e90264f33305004495a9","hash":"84480b929f3a26b2ac96ef762bb0166ddf45a746"},"/Users/bushman/Desktop/pizza/jwt-pizza/src/app/app.tsx":{"path":"/Users/bushman/Desktop/pizza/jwt-pizza/src/app/app.tsx","statementMap":{"0":{"start":{"line":29,"column":26},"end":{"line":29,"column":46}},"1":{"start":{"line":30,"column":19},"end":{"line":30,"column":32}},"2":{"start":{"line":31,"column":2},"end":{"line":36,"column":9}},"3":{"start":{"line":32,"column":4},"end":{"line":35,"column":9}},"4":{"start":{"line":33,"column":20},"end":{"line":33,"column":48}},"5":{"start":{"line":34,"column":6},"end":{"line":34,"column":21}},"6":{"start":{"line":37,"column":2},"end":{"line":40,"column":26}},"7":{"start":{"line":38,"column":4},"end":{"line":38,"column":38}},"8":{"start":{"line":39,"column":4},"end":{"line":39,"column":26}},"9":{"start":{"line":42,"column":4},"end":{"line":42,"column":18}},"10":{"start":{"line":45,"column":4},"end":{"line":45,"column":23}},"11":{"start":{"line":48,"column":4},"end":{"line":48,"column":41}},"12":{"start":{"line":51,"column":4},"end":{"line":51,"column":22}},"13":{"start":{"line":53,"column":19},"end":{"line":78,"column":3}},"14":{"start":{"line":79,"column":2},"end":{"line":79,"column":558}},"15":{"start":{"line":79,"column":407},"end":{"line":79,"column":494}}},"fnMap":{"0":{"name":"App","decl":{"start":{"line":28,"column":24},"end":{"line":28,"column":27}},"loc":{"start":{"line":28,"column":30},"end":{"line":80,"column":1}},"line":28},"1":{"name":"(anonymous_1)","decl":{"start":{"line":31,"column":12},"end":{"line":31,"column":13}},"loc":{"start":{"line":31,"column":18},"end":{"line":36,"column":3}},"line":31},"2":{"name":"(anonymous_2)","decl":{"start":{"line":32,"column":5},"end":{"line":32,"column":6}},"loc":{"start":{"line":32,"column":17},"end":{"line":35,"column":5}},"line":32},"3":{"name":"(anonymous_3)","decl":{"start":{"line":37,"column":12},"end":{"line":37,"column":13}},"loc":{"start":{"line":37,"column":18},"end":{"line":40,"column":3}},"line":37},"4":{"name":"loggedIn","decl":{"start":{"line":41,"column":11},"end":{"line":41,"column":19}},"loc":{"start":{"line":41,"column":22},"end":{"line":43,"column":3}},"line":41},"5":{"name":"loggedOut","decl":{"start":{"line":44,"column":11},"end":{"line":44,"column":20}},"loc":{"start":{"line":44,"column":23},"end":{"line":46,"column":3}},"line":44},"6":{"name":"isAdmin","decl":{"start":{"line":47,"column":11},"end":{"line":47,"column":18}},"loc":{"start":{"line":47,"column":21},"end":{"line":49,"column":3}},"line":47},"7":{"name":"isNotAdmin","decl":{"start":{"line":50,"column":11},"end":{"line":50,"column":21}},"loc":{"start":{"line":50,"column":24},"end":{"line":52,"column":3}},"line":50},"8":{"name":"(anonymous_8)","decl":{"start":{"line":79,"column":381},"end":{"line":79,"column":382}},"loc":{"start":{"line":79,"column":407},"end":{"line":79,"column":494}},"line":79}},"branchMap":{},"s":{"0":3,"1":2,"2":2,"3":0,"4":0,"5":0,"6":2,"7":0,"8":0,"9":6,"10":4,"11":4,"12":2,"13":2,"14":2,"15":36},"f":{"0":3,"1":0,"2":0,"3":0,"4":6,"5":4,"6":4,"7":2,"8":36},"b":{},"inputSourceMap":{"version":3,"sources":["/Users/bushman/Desktop/pizza/jwt-pizza/src/app/app.tsx"],"mappings":"AAAA,OAAO,WAAW;AAClB,SAAS,iBAAiB;AAC1B,SAAS,aAAa,QAAQ,aAAa;AAC3C,OAAO,YAAY;AACnB,OAAO,YAAY;AACnB,OAAO,UAAU;AACjB,OAAO,WAAW;AAClB,OAAO,cAAc;AACrB,OAAO,WAAW;AAClB,OAAO,YAAY;AACnB,OAAO,UAAU;AACjB,OAAO,cAAc;AACrB,OAAO,wBAAwB;AAC/B,OAAO,aAAa;AACpB,OAAO,oBAAoB;AAC3B,OAAO,oBAAoB;AAC3B,OAAO,iBAAiB;AACxB,OAAO,qBAAqB;AAC5B,OAAO,oBAAoB;AAC3B,OAAO,gBAAgB;AACvB,OAAO,aAAa;AACpB,OAAO,cAAc;AACrB,OAAO,UAAU;AACjB,OAAO,gBAAgB;AACvB,SAAS,oBAAoB;AAC7B,SAAS,YAAkB;AAC3B,OAAO;AAQP,wBAAwB,MAAM;AAC5B,QAAM,CAAC,MAAM,OAAO,IAAI,MAAM,SAAsB,IAAI;AACxD,QAAM,WAAW,YAAY;AAE7B,YAAU,MAAM;AACd,KAAC,YAAY;AACX,YAAMA,QAAO,MAAM,aAAa,QAAQ;AACxC,cAAQA,KAAI;AAAA,IACd,GAAG;AAAA,EACL,GAAG,CAAC,CAAC;AAEL,YAAU,MAAM;AACd,WAAO,gBAAgB,SAAS;AAChC,WAAO,SAAS,GAAG,CAAC;AAAA,EACtB,GAAG,CAAC,SAAS,QAAQ,CAAC;AAEtB,WAAS,WAAW;AAClB,WAAO,CAAC,CAAC;AAAA,EACX;AACA,WAAS,YAAY;AACnB,WAAO,CAAC,SAAS;AAAA,EACnB;AACA,WAAS,UAAU;AACjB,WAAO,KAAK,OAAO,MAAM,KAAK,KAAK;AAAA,EACrC;AACA,WAAS,aAAa;AACpB,WAAO,CAAC,QAAQ;AAAA,EAClB;AAEA,QAAM,WAAW;AAAA,IACf,EAAE,OAAO,QAAQ,IAAI,KAAK,WAAW,oCAAC,UAAK,GAAI,SAAS,CAAC,EAAE;AAAA,IAC3D,EAAE,OAAO,SAAS,IAAI,oBAAoB,WAAW,oCAAC,kBAAe,MAAY,SAAkB,GAAI,SAAS,CAAC,EAAE;AAAA,IACnH,EAAE,OAAO,SAAS,IAAI,SAAS,WAAW,oCAAC,UAAK,GAAI,SAAS,CAAC,KAAK,EAAE;AAAA,IACrE;AAAA,MACE,OAAO;AAAA,MACP,IAAI;AAAA,MACJ,WAAW,oCAAC,sBAAmB,MAAY;AAAA,MAC3C,aAAa,CAAC,UAAU;AAAA,MACxB,SAAS,CAAC,OAAO,QAAQ;AAAA,IAC3B;AAAA,IACA,EAAE,OAAO,SAAS,IAAI,UAAU,WAAW,oCAAC,WAAM,GAAI,SAAS,CAAC,QAAQ,EAAE;AAAA,IAC1E,EAAE,OAAO,WAAW,IAAI,YAAY,WAAW,oCAAC,aAAQ,GAAI,SAAS,CAAC,QAAQ,EAAE;AAAA,IAChF,EAAE,OAAO,SAAS,IAAI,oBAAoB,WAAW,oCAAC,kBAAe,MAAY,GAAI,aAAa,CAAC,OAAO,GAAG,SAAS,CAAC,KAAK,EAAE;AAAA,IAC9H,EAAE,OAAO,oBAAoB,IAAI,+BAA+B,WAAW,oCAAC,qBAAgB,GAAI,SAAS,CAAC,EAAE;AAAA,IAC5G,EAAE,OAAO,mBAAmB,IAAI,8BAA8B,WAAW,oCAAC,oBAAe,GAAI,SAAS,CAAC,EAAE;AAAA,IACzG,EAAE,OAAO,gBAAgB,IAAI,2BAA2B,WAAW,oCAAC,iBAAY,GAAI,SAAS,CAAC,EAAE;AAAA,IAChG,EAAE,OAAO,eAAe,IAAI,0BAA0B,WAAW,oCAAC,gBAAW,GAAI,SAAS,CAAC,EAAE;AAAA,IAC7F,EAAE,OAAO,WAAW,IAAI,YAAY,WAAW,oCAAC,aAAQ,GAAI,SAAS,CAAC,EAAE;AAAA,IACxE,EAAE,OAAO,YAAY,IAAI,aAAa,WAAW,oCAAC,cAAS,GAAI,SAAS,CAAC,EAAE;AAAA,IAC3E,EAAE,OAAO,SAAS,IAAI,oBAAoB,WAAW,oCAAC,SAAM,SAAkB,GAAI,aAAa,CAAC,SAAS,GAAG,SAAS,CAAC,KAAK,EAAE;AAAA,IAC7H,EAAE,OAAO,YAAY,IAAI,uBAAuB,WAAW,oCAAC,YAAS,SAAkB,GAAI,aAAa,CAAC,SAAS,GAAG,SAAS,CAAC,KAAK,EAAE;AAAA,IACtI,EAAE,OAAO,UAAU,IAAI,qBAAqB,WAAW,oCAAC,UAAO,SAAkB,GAAI,aAAa,CAAC,QAAQ,GAAG,SAAS,CAAC,KAAK,EAAE;AAAA,IAC/H,EAAE,OAAO,QAAQ,IAAI,mBAAmB,WAAW,oCAAC,UAAK,GAAI,SAAS,CAAC,EAAE;AAAA,IACzE,EAAE,OAAO,QAAQ,IAAI,KAAK,WAAW,oCAAC,cAAS,GAAI,SAAS,CAAC,EAAE;AAAA,EACjE;AAEA,SACE,oCAAC,SAAI,WAAU,iBACb,oCAAC,UAAO,MAAY,UAAoB,GACxC,oCAAC,cAAW,UAAU,SAAS,SAAS,QAAQ,KAAK,EAAE,GAAG,GAE1D,oCAAC,UAAK,WAAU,eACd,oCAAC,cACE,SAAS,IAAI,CAAC,SACb,oCAAC,SAAM,KAAK,KAAK,OAAO,MAAM,KAAK,IAAI,SAAS,KAAK,WAAW,CACjE,CACH,CACF,GAEA,oCAAC,UAAO,UAAoB,CAC9B;AAEJ;","names":["user"]},"_coverageSchema":"1a1c01bbd47fc00a2c39e90264f33305004495a9","hash":"8c4c16f7880ef5c6643136023c6457675ab16c85"}}